#
# A fatal error has been detected by the Java Runtime Environment:
#
#  SIGSEGV (0xb) at pc=0x00007fed710697ba, pid=3445, tid=0x00007fed6028f700
#
# JRE version: OpenJDK Runtime Environment (8.0_111-b14) (build 1.8.0_111-8u111-b14-2ubuntu0.16.04.2-b14)
# Java VM: OpenJDK 64-Bit Server VM (25.111-b14 mixed mode linux-amd64 compressed oops)
# Problematic frame:
# v  ~BufferBlob::jni_fast_GetLongField
#
# Failed to write core dump. Core dumps have been disabled. To enable core dumping, try "ulimit -c unlimited" before starting Java again
#
# If you would like to submit a bug report, please visit:
#   http://bugreport.java.com/bugreport/crash.jsp
# The crash happened outside the Java Virtual Machine in native code.
# See problematic frame for where to report the bug.
#

---------------  T H R E A D  ---------------

Current thread (0x00007fed801db800):  JavaThread "AWT-XAWT" daemon [_thread_in_native, id=3471, stack(0x00007fed6018f000,0x00007fed60290000)]

siginfo: si_signo: 11 (SIGSEGV), si_code: 1 (SEGV_MAPERR), si_addr: 0x0000000000000000

Registers:
RAX=0x00007fed88f15fe0, RBX=0x00007fed801db9e0, RCX=0x0000000000000000, RDX=0x0000000000000042
RSP=0x00007fed6028e838, RBP=0x00007fed6028e860, RSI=0x0000000000000000, RDI=0x00007fed801db9e0
R8 =0x00000000ebfe8e70, R9 =0x0000000000000000, R10=0x0000000000000018, R11=0x00007fed7122e918
R12=0x00007fed1c00cbc0, R13=0x0000000000000000, R14=0x00007fed621efb00, R15=0x00007fed801db800
RIP=0x00007fed710697ba, EFLAGS=0x0000000000010246, CSGSFS=0x0000000000000033, ERR=0x0000000000000004
  TRAPNO=0x000000000000000e

Top of Stack: (sp=0x00007fed6028e838)
0x00007fed6028e838:   00007fed61fccf74 00007fed8560f728
0x00007fed6028e848:   00007fed1c00cbc0 00007fed6028e910
0x00007fed6028e858:   00007fed6028e8e0 0000000000000000
0x00007fed6028e868:   00007fed61aaf3c0 00007fed8560f728
0x00007fed6028e878:   00007fed6028e8a0 0000000000000000
0x00007fed6028e888:   00007fed61aa6f93 00007fed6028e910
0x00007fed6028e898:   00007fed61fc4cef 00007fed6028e8f0
0x00007fed6028e8a8:   00007fed7122e9b6 0000000000000000
0x00007fed6028e8b8:   00007fed71200e76 00007fed6028e910
0x00007fed6028e8c8:   00007fed7117ccec 00007fed6028e970
0x00007fed6028e8d8:   00000000ec204c80 00000000ec1c1ac0
0x00007fed6028e8e8:   0000000000000001 00007fed6028e970
0x00007fed6028e8f8:   00007fed710077d0 00007fed6028e970
0x00007fed6028e908:   00007fed710077d0 0000000000000000
0x00007fed6028e918:   00007fed71007b10 00007fed34000e30
0x00007fed6028e928:   00000000ec24abf0 00007fed6028e930
0x00007fed6028e938:   00007fed8571ed44 00007fed6028e9b8
0x00007fed6028e948:   00007fed85727d10 0000000000000000
0x00007fed6028e958:   00007fed8571ee80 00007fed6028e910
0x00007fed6028e968:   00007fed6028e9b0 00007fed6028ea00
0x00007fed6028e978:   00007fed71007ffd 0000000000000000
0x00007fed6028e988:   00000000ec5221e0 0000000000000000
0x00007fed6028e998:   0000000000000000 0000000000000000
0x00007fed6028e9a8:   00000000ec24abf0 0000000000000000
0x00007fed6028e9b8:   00000000ec205820 00007fed6028e9c0
0x00007fed6028e9c8:   00007fed8571eb85 00007fed6028ea10
0x00007fed6028e9d8:   00007fed85727d10 0000000000000000
0x00007fed6028e9e8:   00007fed8571eb90 00007fed6028e9b0
0x00007fed6028e9f8:   00007fed6028ea10 00007fed6028ea58
0x00007fed6028ea08:   00007fed71008042 00000000ec205820
0x00007fed6028ea18:   00007fed6028ea18 00007fed8525894b
0x00007fed6028ea28:   00007fed6028ea68 00007fed852dffd0 

Instructions: (pc=0x00007fed710697ba)
0x00007fed7106979a:   00 00 00 00 00 00 44 8b 15 8d 93 ed 17 4c 8b ce
0x00007fed710697aa:   41 f6 c2 01 0f 85 2e 00 00 00 4d 33 ca 4d 33 ca
0x00007fed710697ba:   4d 8b 09 4c 8b da 49 c1 eb 02 4b 8b 04 19 49 bb
0x00007fed710697ca:   34 2b f4 88 ed 7f 00 00 4c 33 d8 4c 33 d8 45 3b 

Register to memory mapping:

RAX=0x00007fed88f15fe0: <offset 0xef0fe0> in /usr/lib/jvm/java-8-openjdk-amd64/jre/lib/amd64/server/libjvm.so at 0x00007fed88025000
RBX=0x00007fed801db9e0 is an unknown value
RCX=0x0000000000000000 is an unknown value
RDX=0x0000000000000042 is an unknown value
RSP=0x00007fed6028e838 is pointing into the stack for thread: 0x00007fed801db800
RBP=0x00007fed6028e860 is pointing into the stack for thread: 0x00007fed801db800
RSI=0x0000000000000000 is an unknown value
RDI=0x00007fed801db9e0 is an unknown value
R8 =0x00000000ebfe8e70 is an oop
sun.util.logging.PlatformLogger$Level 
 - klass: 'sun/util/logging/PlatformLogger$Level'
R9 =0x0000000000000000 is an unknown value
R10=0x0000000000000018 is an unknown value
R11=0x00007fed7122e918 is at entry_point+24 in (nmethod*)0x00007fed7122e790
R12=0x00007fed1c00cbc0 is an unknown value
R13=0x0000000000000000 is an unknown value
R14=0x00007fed621efb00: <offset 0x258b00> in /usr/lib/jvm/java-8-openjdk-amd64/jre/lib/amd64/libawt_xawt.so at 0x00007fed61f97000
R15=0x00007fed801db800 is a thread


Stack: [0x00007fed6018f000,0x00007fed60290000],  sp=0x00007fed6028e838,  free space=1022k
Native frames: (J=compiled Java code, j=interpreted, Vv=VM code, C=native code)
v  ~BufferBlob::jni_fast_GetLongField
C  [libX11.so.6+0x643c0]  _XimServerDestroy+0x70

Java frames: (J=compiled Java code, j=interpreted, Vv=VM code)
J 526  sun.awt.X11.XlibWrapper.XFilterEvent(JJ)Z (0 bytes) @ 0x00007fed7122e944 [0x00007fed7122e900+0x44]
j  sun.awt.X11.XToolkit.run(Z)V+300
j  sun.awt.X11.XToolkit.run()V+5
j  java.lang.Thread.run()V+11
v  ~StubRoutines::call_stub

---------------  P R O C E S S  ---------------

Java Threads: ( => current thread )
  0x00007fed48002000 JavaThread "SIGTERM handler" daemon [_thread_blocked, id=6827, stack(0x00007fed2f0d0000,0x00007fed2f1d1000)]
  0x00007fed48001000 JavaThread "SIGHUP handler" daemon [_thread_in_vm, id=6821, stack(0x00007fed6008e000,0x00007fed6018f000)]
  0x00007fed8000a000 JavaThread "DestroyJavaVM" [_thread_blocked, id=3447, stack(0x00007fed89c54000,0x00007fed89d55000)]
  0x00007fed1c017000 JavaThread "TimerQueue" daemon [_thread_blocked, id=3475, stack(0x00007fed2f1d1000,0x00007fed2f2d2000)]
  0x00007fed80252800 JavaThread "AWT-EventQueue-0" [_thread_blocked, id=3474, stack(0x00007fed2f6d2000,0x00007fed2f7d3000)]
  0x00007fed80251000 JavaThread "AWT-Shutdown" [_thread_blocked, id=3473, stack(0x00007fed2f7d3000,0x00007fed2f8d4000)]
=>0x00007fed801db800 JavaThread "AWT-XAWT" daemon [_thread_in_native, id=3471, stack(0x00007fed6018f000,0x00007fed60290000)]
  0x00007fed801b5000 JavaThread "Java2D Disposer" daemon [_thread_blocked, id=3469, stack(0x00007fed70017000,0x00007fed70118000)]
  0x00007fed800b8800 JavaThread "Service Thread" daemon [_thread_blocked, id=3465, stack(0x00007fed70520000,0x00007fed70621000)]
  0x00007fed800b1800 JavaThread "C1 CompilerThread2" daemon [_thread_blocked, id=3464, stack(0x00007fed70621000,0x00007fed70722000)]
  0x00007fed800af800 JavaThread "C2 CompilerThread1" daemon [_thread_blocked, id=3463, stack(0x00007fed70722000,0x00007fed70823000)]
  0x00007fed800ac800 JavaThread "C2 CompilerThread0" daemon [_thread_blocked, id=3462, stack(0x00007fed70823000,0x00007fed70924000)]
  0x00007fed800aa800 JavaThread "Signal Dispatcher" daemon [_thread_blocked, id=3461, stack(0x00007fed70924000,0x00007fed70a25000)]
  0x00007fed80083800 JavaThread "Finalizer" daemon [_thread_blocked, id=3460, stack(0x00007fed70cfd000,0x00007fed70dfe000)]
  0x00007fed8007f000 JavaThread "Reference Handler" daemon [_thread_blocked, id=3459, stack(0x00007fed70dfe000,0x00007fed70eff000)]

Other Threads:
  0x00007fed80077000 VMThread [stack: 0x00007fed70eff000,0x00007fed71000000] [id=3457]
  0x00007fed800bb000 WatcherThread [stack: 0x00007fed7041f000,0x00007fed70520000] [id=3466]

VM state:not at safepoint (normal execution)

VM Mutex/Monitor currently owned by a thread:  ([mutex/lock_event])
[0x00007fed80006180] Threads_lock - owner thread: 0x00007fed48001000

Heap:
 PSYoungGen      total 18432K, used 6676K [0x00000000ebf80000, 0x00000000ed400000, 0x0000000100000000)
  eden space 15872K, 42% used [0x00000000ebf80000,0x00000000ec605348,0x00000000ecf00000)
  from space 2560K, 0% used [0x00000000ed180000,0x00000000ed180000,0x00000000ed400000)
  to   space 2560K, 0% used [0x00000000ecf00000,0x00000000ecf00000,0x00000000ed180000)
 ParOldGen       total 42496K, used 0K [0x00000000c3e00000, 0x00000000c6780000, 0x00000000ebf80000)
  object space 42496K, 0% used [0x00000000c3e00000,0x00000000c3e00000,0x00000000c6780000)
 Metaspace       used 11720K, capacity 11882K, committed 12288K, reserved 1060864K
  class space    used 1387K, capacity 1481K, committed 1536K, reserved 1048576K

Card table byte_map: [0x00007fed86151000,0x00007fed86333000] byte_map_base: 0x00007fed85b32000

Marking Bits: (ParMarkBitMap*) 0x00007fed88f42220
 Begin Bits: [0x00007fed621f0000, 0x00007fed630f8000)
 End Bits:   [0x00007fed630f8000, 0x00007fed64000000)

Polling page: 0x00007fed89d94000

CodeCache: size=245760Kb used=2386Kb max_used=2396Kb free=243373Kb
 bounds [0x00007fed71000000, 0x00007fed71270000, 0x00007fed80000000]
 total_blobs=1101 nmethods=548 adapters=468
 compilation: enabled

Compilation events (10 events):
Event: 2443.341 Thread 0x00007fed800af800  543   !   4       sun.awt.X11.XToolkit::getNextTaskTime (55 bytes)
Event: 2443.347 Thread 0x00007fed800af800 nmethod 543 0x00007fed71254650 code [0x00007fed712547e0, 0x00007fed71254a88]
Event: 2494.246 Thread 0x00007fed800b1800  544       3       sun.awt.X11.XMSelection$1::dispatchEvent (10 bytes)
Event: 2494.248 Thread 0x00007fed800b1800 nmethod 544 0x00007fed71253d50 code [0x00007fed71253f00, 0x00007fed71254358]
Event: 2494.248 Thread 0x00007fed800b1800  545       3       sun.awt.X11.XMSelection::processRootEvent (32 bytes)
Event: 2494.249 Thread 0x00007fed800b1800 nmethod 545 0x00007fed71257590 code [0x00007fed71257740, 0x00007fed71257af8]
Event: 2496.876 Thread 0x00007fed800ac800  546       4       sun.awt.X11.XEvent::get_type (18 bytes)
Event: 2496.885 Thread 0x00007fed800ac800 nmethod 546 0x00007fed712537d0 code [0x00007fed71253940, 0x00007fed71253ad8]
Event: 2584.545 Thread 0x00007fed800ac800  547       4       java.lang.Long::compareTo (9 bytes)
Event: 2584.551 Thread 0x00007fed800ac800 nmethod 547 0x00007fed71222210 code [0x00007fed71222360, 0x00007fed71222418]

GC Heap History (0 events):
No events

Deoptimization events (0 events):
No events

Internal exceptions (10 events):
Event: 0.159 Thread 0x00007fed8000a000 Exception <a 'java/security/PrivilegedActionException'> (0x00000000ec001240) thrown at [/build/openjdk-8-8jAw7G/openjdk-8-8u111-b14/src/hotspot/src/share/vm/prims/jvm.cpp, line 1386]
Event: 0.159 Thread 0x00007fed8000a000 Exception <a 'java/security/PrivilegedActionException'> (0x00000000ec001d10) thrown at [/build/openjdk-8-8jAw7G/openjdk-8-8u111-b14/src/hotspot/src/share/vm/prims/jvm.cpp, line 1386]
Event: 0.159 Thread 0x00007fed8000a000 Exception <a 'java/security/PrivilegedActionException'> (0x00000000ec001f20) thrown at [/build/openjdk-8-8jAw7G/openjdk-8-8u111-b14/src/hotspot/src/share/vm/prims/jvm.cpp, line 1386]
Event: 0.287 Thread 0x00007fed8000a000 Exception <a 'java/lang/NoSuchFieldError': method resolution failed> (0x00000000ec122748) thrown at [/build/openjdk-8-8jAw7G/openjdk-8-8u111-b14/src/hotspot/src/share/vm/prims/methodHandles.cpp, line 1146]
Event: 0.291 Thread 0x00007fed8000a000 Exception <a 'java/lang/NoSuchFieldError': method resolution failed> (0x00000000ec12ff48) thrown at [/build/openjdk-8-8jAw7G/openjdk-8-8u111-b14/src/hotspot/src/share/vm/prims/methodHandles.cpp, line 1146]
Event: 0.358 Thread 0x00007fed8000a000 Exception <a 'java/io/FileNotFoundException'> (0x00000000ec1aec88) thrown at [/build/openjdk-8-8jAw7G/openjdk-8-8u111-b14/src/hotspot/src/share/vm/prims/jni.cpp, line 709]
Event: 0.358 Thread 0x00007fed8000a000 Exception <a 'java/io/FileNotFoundException'> (0x00000000ec1af6c8) thrown at [/build/openjdk-8-8jAw7G/openjdk-8-8u111-b14/src/hotspot/src/share/vm/prims/jni.cpp, line 709]
Event: 0.426 Thread 0x00007fed8000a000 Exception <a 'java/lang/ClassNotFoundException': sun/dc/DuctusRenderingEngine> (0x00000000ec1c7688) thrown at [/build/openjdk-8-8jAw7G/openjdk-8-8u111-b14/src/hotspot/src/share/vm/classfile/systemDictionary.cpp, line 210]
Event: 0.874 Thread 0x00007fed80252800 Exception <a 'java/lang/UnsupportedOperationException': > (0x00000000ec442160) thrown at [/build/openjdk-8-8jAw7G/openjdk-8-8u111-b14/src/hotspot/src/share/vm/prims/jni.cpp, line 735]
Event: 3.198 Thread 0x00007fed80252800 Exception <a 'java/lang/UnsupportedOperationException': > (0x00000000ec461df0) thrown at [/build/openjdk-8-8jAw7G/openjdk-8-8u111-b14/src/hotspot/src/share/vm/prims/jni.cpp, line 735]

Events (10 events):
Event: 3.593 loading class java/lang/Throwable$WrappedPrintStream done
Event: 3.593 Thread 0x00007fed8000a000 Thread exited: 0x00007fed8000a000
Event: 3.593 Thread 0x00007fed8000a000 Thread added: 0x00007fed8000a000
Event: 4.123 Executing VM operation: EnableBiasedLocking
Event: 4.123 Executing VM operation: EnableBiasedLocking done
Event: 5.600 Thread 0x00007fed80211800 Thread exited: 0x00007fed80211800
Event: 3388.373 loading class sun/awt/X11/XDestroyWindowEvent
Event: 3389.344 loading class sun/awt/X11/XDestroyWindowEvent done
Event: 3399.935 loading class sun/misc/Signal$1
Event: 3402.439 loading class sun/misc/Signal$1 done


Dynamic libraries:
00400000-00401000 r-xp 00000000 08:06 2650703                            /usr/lib/jvm/java-8-openjdk-amd64/jre/bin/java
00600000-00601000 r--p 00000000 08:06 2650703                            /usr/lib/jvm/java-8-openjdk-amd64/jre/bin/java
00601000-00602000 rw-p 00001000 08:06 2650703                            /usr/lib/jvm/java-8-openjdk-amd64/jre/bin/java
01711000-01732000 rw-p 00000000 00:00 0                                  [heap]
c3e00000-c6780000 rw-p 00000000 00:00 0 
c6780000-ebf80000 ---p 00000000 00:00 0 
ebf80000-ed400000 rw-p 00000000 00:00 0 
ed400000-100000000 ---p 00000000 00:00 0 
100000000-100180000 rw-p 00000000 00:00 0 
100180000-140000000 ---p 00000000 00:00 0 
7fed14000000-7fed14021000 rw-p 00000000 00:00 0 
7fed14021000-7fed18000000 ---p 00000000 00:00 0 
7fed1c000000-7fed1c022000 rw-p 00000000 00:00 0 
7fed1c022000-7fed20000000 ---p 00000000 00:00 0 
7fed20000000-7fed20021000 rw-p 00000000 00:00 0 
7fed20021000-7fed24000000 ---p 00000000 00:00 0 
7fed24000000-7fed24021000 rw-p 00000000 00:00 0 
7fed24021000-7fed28000000 ---p 00000000 00:00 0 
7fed28000000-7fed28021000 rw-p 00000000 00:00 0 
7fed28021000-7fed2c000000 ---p 00000000 00:00 0 
7fed2f0d0000-7fed2f0d3000 ---p 00000000 00:00 0 
7fed2f0d3000-7fed2f1d1000 rw-p 00000000 00:00 0 
7fed2f1d1000-7fed2f1d4000 ---p 00000000 00:00 0 
7fed2f1d4000-7fed2f352000 rw-p 00000000 00:00 0 
7fed2f352000-7fed2f4d2000 ---p 00000000 00:00 0 
7fed2f4d2000-7fed2f6d2000 rw-p 00000000 00:00 0 
7fed2f6d2000-7fed2f6d5000 ---p 00000000 00:00 0 
7fed2f6d5000-7fed2f7d3000 rw-p 00000000 00:00 0 
7fed2f7d3000-7fed2f7d6000 ---p 00000000 00:00 0 
7fed2f7d6000-7fed2f8d4000 rw-p 00000000 00:00 0 
7fed2f8d4000-7fed2f8e5000 r-xp 00000000 08:06 2625228                    /usr/lib/jvm/java-8-openjdk-amd64/jre/lib/amd64/libnio.so
7fed2f8e5000-7fed2fae5000 ---p 00011000 08:06 2625228                    /usr/lib/jvm/java-8-openjdk-amd64/jre/lib/amd64/libnio.so
7fed2fae5000-7fed2fae6000 r--p 00011000 08:06 2625228                    /usr/lib/jvm/java-8-openjdk-amd64/jre/lib/amd64/libnio.so
7fed2fae6000-7fed2fae7000 rw-p 00012000 08:06 2625228                    /usr/lib/jvm/java-8-openjdk-amd64/jre/lib/amd64/libnio.so
7fed2fae7000-7fed2fde8000 rw-p 00000000 00:00 0 
7fed2fde8000-7fed2fdff000 r-xp 00000000 08:06 2625259                    /usr/lib/jvm/java-8-openjdk-amd64/jre/lib/amd64/libnet.so
7fed2fdff000-7fed2fffe000 ---p 00017000 08:06 2625259                    /usr/lib/jvm/java-8-openjdk-amd64/jre/lib/amd64/libnet.so
7fed2fffe000-7fed2ffff000 r--p 00016000 08:06 2625259                    /usr/lib/jvm/java-8-openjdk-amd64/jre/lib/amd64/libnet.so
7fed2ffff000-7fed30000000 rw-p 00017000 08:06 2625259                    /usr/lib/jvm/java-8-openjdk-amd64/jre/lib/amd64/libnet.so
7fed30000000-7fed30021000 rw-p 00000000 00:00 0 
7fed30021000-7fed34000000 ---p 00000000 00:00 0 
7fed34000000-7fed34021000 rw-p 00000000 00:00 0 
7fed34021000-7fed38000000 ---p 00000000 00:00 0 
7fed38000000-7fed38021000 rw-p 00000000 00:00 0 
7fed38021000-7fed3c000000 ---p 00000000 00:00 0 
7fed3c000000-7fed3c021000 rw-p 00000000 00:00 0 
7fed3c021000-7fed40000000 ---p 00000000 00:00 0 
7fed40000000-7fed40077000 rw-p 00000000 00:00 0 
7fed40077000-7fed44000000 ---p 00000000 00:00 0 
7fed44000000-7fed44407000 rw-p 00000000 00:00 0 
7fed44407000-7fed48000000 ---p 00000000 00:00 0 
7fed48000000-7fed48021000 rw-p 00000000 00:00 0 
7fed48021000-7fed4c000000 ---p 00000000 00:00 0 
7fed4c000000-7fed4c0d0000 rw-p 00000000 00:00 0 
7fed4c0d0000-7fed50000000 ---p 00000000 00:00 0 
7fed50000000-7fed50021000 rw-p 00000000 00:00 0 
7fed50021000-7fed54000000 ---p 00000000 00:00 0 
7fed54000000-7fed54021000 rw-p 00000000 00:00 0 
7fed54021000-7fed58000000 ---p 00000000 00:00 0 
7fed58000000-7fed58021000 rw-p 00000000 00:00 0 
7fed58021000-7fed5c000000 ---p 00000000 00:00 0 
7fed5c000000-7fed5c021000 rw-p 00000000 00:00 0 
7fed5c021000-7fed60000000 ---p 00000000 00:00 0 
7fed6008e000-7fed60091000 ---p 00000000 00:00 0 
7fed60091000-7fed6018f000 rw-p 00000000 00:00 0 
7fed6018f000-7fed60192000 ---p 00000000 00:00 0 
7fed60192000-7fed60290000 rw-p 00000000 00:00 0 
7fed60290000-7fed60295000 r-xp 00000000 08:06 524887                     /usr/lib/x86_64-linux-gnu/libXfixes.so.3.1.0
7fed60295000-7fed60494000 ---p 00005000 08:06 524887                     /usr/lib/x86_64-linux-gnu/libXfixes.so.3.1.0
7fed60494000-7fed60495000 r--p 00004000 08:06 524887                     /usr/lib/x86_64-linux-gnu/libXfixes.so.3.1.0
7fed60495000-7fed60496000 rw-p 00005000 08:06 524887                     /usr/lib/x86_64-linux-gnu/libXfixes.so.3.1.0
7fed60496000-7fed6049f000 r-xp 00000000 08:06 533595                     /usr/lib/x86_64-linux-gnu/libXcursor.so.1.0.2
7fed6049f000-7fed6069e000 ---p 00009000 08:06 533595                     /usr/lib/x86_64-linux-gnu/libXcursor.so.1.0.2
7fed6069e000-7fed6069f000 r--p 00008000 08:06 533595                     /usr/lib/x86_64-linux-gnu/libXcursor.so.1.0.2
7fed6069f000-7fed606a0000 rw-p 00009000 08:06 533595                     /usr/lib/x86_64-linux-gnu/libXcursor.so.1.0.2
7fed606db000-7fed606ff000 r-xp 00000000 08:06 1315012                    /lib/x86_64-linux-gnu/libpng12.so.0.54.0
7fed606ff000-7fed608fe000 ---p 00024000 08:06 1315012                    /lib/x86_64-linux-gnu/libpng12.so.0.54.0
7fed608fe000-7fed608ff000 r--p 00023000 08:06 1315012                    /lib/x86_64-linux-gnu/libpng12.so.0.54.0
7fed608ff000-7fed60900000 rw-p 00024000 08:06 1315012                    /lib/x86_64-linux-gnu/libpng12.so.0.54.0
7fed60900000-7fed609a4000 r-xp 00000000 08:06 525529                     /usr/lib/x86_64-linux-gnu/libfreetype.so.6.12.1
7fed609a4000-7fed60ba3000 ---p 000a4000 08:06 525529                     /usr/lib/x86_64-linux-gnu/libfreetype.so.6.12.1
7fed60ba3000-7fed60ba9000 r--p 000a3000 08:06 525529                     /usr/lib/x86_64-linux-gnu/libfreetype.so.6.12.1
7fed60ba9000-7fed60baa000 rw-p 000a9000 08:06 525529                     /usr/lib/x86_64-linux-gnu/libfreetype.so.6.12.1
7fed60baa000-7fed60bfc000 r-xp 00000000 08:06 2625223                    /usr/lib/jvm/java-8-openjdk-amd64/jre/lib/amd64/libfontmanager.so
7fed60bfc000-7fed60dfc000 ---p 00052000 08:06 2625223                    /usr/lib/jvm/java-8-openjdk-amd64/jre/lib/amd64/libfontmanager.so
7fed60dfc000-7fed60dfe000 r--p 00052000 08:06 2625223                    /usr/lib/jvm/java-8-openjdk-amd64/jre/lib/amd64/libfontmanager.so
7fed60dfe000-7fed60dff000 rw-p 00054000 08:06 2625223                    /usr/lib/jvm/java-8-openjdk-amd64/jre/lib/amd64/libfontmanager.so
7fed60dff000-7fed60e04000 r-xp 00000000 08:06 526142                     /usr/lib/x86_64-linux-gnu/libXdmcp.so.6.0.0
7fed60e04000-7fed61003000 ---p 00005000 08:06 526142                     /usr/lib/x86_64-linux-gnu/libXdmcp.so.6.0.0
7fed61003000-7fed61004000 r--p 00004000 08:06 526142                     /usr/lib/x86_64-linux-gnu/libXdmcp.so.6.0.0
7fed61004000-7fed61005000 rw-p 00005000 08:06 526142                     /usr/lib/x86_64-linux-gnu/libXdmcp.so.6.0.0
7fed61005000-7fed61007000 r-xp 00000000 08:06 533588                     /usr/lib/x86_64-linux-gnu/libXau.so.6.0.0
7fed61007000-7fed61207000 ---p 00002000 08:06 533588                     /usr/lib/x86_64-linux-gnu/libXau.so.6.0.0
7fed61207000-7fed61208000 r--p 00002000 08:06 533588                     /usr/lib/x86_64-linux-gnu/libXau.so.6.0.0
7fed61208000-7fed61209000 rw-p 00003000 08:06 533588                     /usr/lib/x86_64-linux-gnu/libXau.so.6.0.0
7fed61209000-7fed6122a000 r-xp 00000000 08:06 526144                     /usr/lib/x86_64-linux-gnu/libxcb.so.1.1.0
7fed6122a000-7fed61429000 ---p 00021000 08:06 526144                     /usr/lib/x86_64-linux-gnu/libxcb.so.1.1.0
7fed61429000-7fed6142a000 r--p 00020000 08:06 526144                     /usr/lib/x86_64-linux-gnu/libxcb.so.1.1.0
7fed6142a000-7fed6142b000 rw-p 00021000 08:06 526144                     /usr/lib/x86_64-linux-gnu/libxcb.so.1.1.0
7fed6142b000-7fed6143a000 r-xp 00000000 08:06 527235                     /usr/lib/x86_64-linux-gnu/libXi.so.6.1.0
7fed6143a000-7fed61639000 ---p 0000f000 08:06 527235                     /usr/lib/x86_64-linux-gnu/libXi.so.6.1.0
7fed61639000-7fed6163a000 r--p 0000e000 08:06 527235                     /usr/lib/x86_64-linux-gnu/libXi.so.6.1.0
7fed6163a000-7fed6163b000 rw-p 0000f000 08:06 527235                     /usr/lib/x86_64-linux-gnu/libXi.so.6.1.0
7fed6163b000-7fed61640000 r-xp 00000000 08:06 533629                     /usr/lib/x86_64-linux-gnu/libXtst.so.6.1.0
7fed61640000-7fed6183f000 ---p 00005000 08:06 533629                     /usr/lib/x86_64-linux-gnu/libXtst.so.6.1.0
7fed6183f000-7fed61840000 r--p 00004000 08:06 533629                     /usr/lib/x86_64-linux-gnu/libXtst.so.6.1.0
7fed61840000-7fed61841000 rw-p 00005000 08:06 533629                     /usr/lib/x86_64-linux-gnu/libXtst.so.6.1.0
7fed61841000-7fed6184a000 r-xp 00000000 08:06 526194                     /usr/lib/x86_64-linux-gnu/libXrender.so.1.3.0
7fed6184a000-7fed61a49000 ---p 00009000 08:06 526194                     /usr/lib/x86_64-linux-gnu/libXrender.so.1.3.0
7fed61a49000-7fed61a4a000 r--p 00008000 08:06 526194                     /usr/lib/x86_64-linux-gnu/libXrender.so.1.3.0
7fed61a4a000-7fed61a4b000 rw-p 00009000 08:06 526194                     /usr/lib/x86_64-linux-gnu/libXrender.so.1.3.0
7fed61a4b000-7fed61b80000 r-xp 00000000 08:06 526146                     /usr/lib/x86_64-linux-gnu/libX11.so.6.3.0
7fed61b80000-7fed61d80000 ---p 00135000 08:06 526146                     /usr/lib/x86_64-linux-gnu/libX11.so.6.3.0
7fed61d80000-7fed61d81000 r--p 00135000 08:06 526146                     /usr/lib/x86_64-linux-gnu/libX11.so.6.3.0
7fed61d81000-7fed61d85000 rw-p 00136000 08:06 526146                     /usr/lib/x86_64-linux-gnu/libX11.so.6.3.0
7fed61d85000-7fed61d96000 r-xp 00000000 08:06 526149                     /usr/lib/x86_64-linux-gnu/libXext.so.6.4.0
7fed61d96000-7fed61f95000 ---p 00011000 08:06 526149                     /usr/lib/x86_64-linux-gnu/libXext.so.6.4.0
7fed61f95000-7fed61f96000 r--p 00010000 08:06 526149                     /usr/lib/x86_64-linux-gnu/libXext.so.6.4.0
7fed61f96000-7fed61f97000 rw-p 00011000 08:06 526149                     /usr/lib/x86_64-linux-gnu/libXext.so.6.4.0
7fed61f97000-7fed61feb000 r-xp 00000000 08:06 2625251                    /usr/lib/jvm/java-8-openjdk-amd64/jre/lib/amd64/libawt_xawt.so
7fed61feb000-7fed621eb000 ---p 00054000 08:06 2625251                    /usr/lib/jvm/java-8-openjdk-amd64/jre/lib/amd64/libawt_xawt.so
7fed621eb000-7fed621ec000 r--p 00054000 08:06 2625251                    /usr/lib/jvm/java-8-openjdk-amd64/jre/lib/amd64/libawt_xawt.so
7fed621ec000-7fed621ef000 rw-p 00055000 08:06 2625251                    /usr/lib/jvm/java-8-openjdk-amd64/jre/lib/amd64/libawt_xawt.so
7fed621ef000-7fed64000000 rw-p 00000000 00:00 0 
7fed64000000-7fed64021000 rw-p 00000000 00:00 0 
7fed64021000-7fed68000000 ---p 00000000 00:00 0 
7fed68000000-7fed68021000 rw-p 00000000 00:00 0 
7fed68021000-7fed6c000000 ---p 00000000 00:00 0 
7fed6c000000-7fed6c021000 rw-p 00000000 00:00 0 
7fed6c021000-7fed70000000 ---p 00000000 00:00 0 
7fed70017000-7fed7001a000 ---p 00000000 00:00 0 
7fed7001a000-7fed70118000 rw-p 00000000 00:00 0 
7fed70118000-7fed701b8000 r-xp 00000000 08:06 2625260                    /usr/lib/jvm/java-8-openjdk-amd64/jre/lib/amd64/libawt.so
7fed701b8000-7fed703b8000 ---p 000a0000 08:06 2625260                    /usr/lib/jvm/java-8-openjdk-amd64/jre/lib/amd64/libawt.so
7fed703b8000-7fed703b9000 r--p 000a0000 08:06 2625260                    /usr/lib/jvm/java-8-openjdk-amd64/jre/lib/amd64/libawt.so
7fed703b9000-7fed703c4000 rw-p 000a1000 08:06 2625260                    /usr/lib/jvm/java-8-openjdk-amd64/jre/lib/amd64/libawt.so
7fed703c4000-7fed703e9000 rw-p 00000000 00:00 0 
7fed703e9000-7fed70404000 r--s 001d5000 08:06 2625268                    /usr/lib/jvm/java-8-openjdk-amd64/jre/lib/ext/nashorn.jar
7fed70404000-7fed7041f000 r--s 00394000 08:06 2625264                    /usr/lib/jvm/java-8-openjdk-amd64/jre/lib/ext/cldrdata.jar
7fed7041f000-7fed70420000 ---p 00000000 00:00 0 
7fed70420000-7fed70520000 rw-p 00000000 00:00 0 
7fed70520000-7fed70523000 ---p 00000000 00:00 0 
7fed70523000-7fed70621000 rw-p 00000000 00:00 0 
7fed70621000-7fed70624000 ---p 00000000 00:00 0 
7fed70624000-7fed70722000 rw-p 00000000 00:00 0 
7fed70722000-7fed70725000 ---p 00000000 00:00 0 
7fed70725000-7fed70823000 rw-p 00000000 00:00 0 
7fed70823000-7fed70826000 ---p 00000000 00:00 0 
7fed70826000-7fed70924000 rw-p 00000000 00:00 0 
7fed70924000-7fed70927000 ---p 00000000 00:00 0 
7fed70927000-7fed70a25000 rw-p 00000000 00:00 0 
7fed70a25000-7fed70cfd000 r--p 00000000 08:06 525093                     /usr/lib/locale/locale-archive
7fed70cfd000-7fed70d00000 ---p 00000000 00:00 0 
7fed70d00000-7fed70dfe000 rw-p 00000000 00:00 0 
7fed70dfe000-7fed70e01000 ---p 00000000 00:00 0 
7fed70e01000-7fed70eff000 rw-p 00000000 00:00 0 
7fed70eff000-7fed70f00000 ---p 00000000 00:00 0 
7fed70f00000-7fed71000000 rw-p 00000000 00:00 0 
7fed71000000-7fed71270000 rwxp 00000000 00:00 0 
7fed71270000-7fed80000000 ---p 00000000 00:00 0 
7fed80000000-7fed802db000 rw-p 00000000 00:00 0 
7fed802db000-7fed84000000 ---p 00000000 00:00 0 
7fed84007000-7fed84fe7000 rw-p 00000000 00:00 0 
7fed84fe7000-7fed851b5000 r--s 03bf1000 08:06 2625286                    /usr/lib/jvm/java-8-openjdk-amd64/jre/lib/rt.jar
7fed851b5000-7fed85c0c000 rw-p 00000000 00:00 0 
7fed85c0c000-7fed85c0d000 ---p 00000000 00:00 0 
7fed85c0d000-7fed85d0d000 rw-p 00000000 00:00 0 
7fed85d0d000-7fed85d0e000 ---p 00000000 00:00 0 
7fed85d0e000-7fed85e0e000 rw-p 00000000 00:00 0 
7fed85e0e000-7fed85e0f000 ---p 00000000 00:00 0 
7fed85e0f000-7fed85f0f000 rw-p 00000000 00:00 0 
7fed85f0f000-7fed85f10000 ---p 00000000 00:00 0 
7fed85f10000-7fed86025000 rw-p 00000000 00:00 0 
7fed86025000-7fed86151000 ---p 00000000 00:00 0 
7fed86151000-7fed86166000 rw-p 00000000 00:00 0 
7fed86166000-7fed86291000 ---p 00000000 00:00 0 
7fed86291000-7fed8629c000 rw-p 00000000 00:00 0 
7fed8629c000-7fed86332000 ---p 00000000 00:00 0 
7fed86332000-7fed8633d000 rw-p 00000000 00:00 0 
7fed8633d000-7fed866f3000 ---p 00000000 00:00 0 
7fed866f3000-7fed866fb000 r-xp 00000000 08:06 2625233                    /usr/lib/jvm/java-8-openjdk-amd64/jre/lib/amd64/libzip.so
7fed866fb000-7fed868fa000 ---p 00008000 08:06 2625233                    /usr/lib/jvm/java-8-openjdk-amd64/jre/lib/amd64/libzip.so
7fed868fa000-7fed868fb000 r--p 00007000 08:06 2625233                    /usr/lib/jvm/java-8-openjdk-amd64/jre/lib/amd64/libzip.so
7fed868fb000-7fed868fc000 rw-p 00008000 08:06 2625233                    /usr/lib/jvm/java-8-openjdk-amd64/jre/lib/amd64/libzip.so
7fed868fc000-7fed86907000 r-xp 00000000 08:06 1328082                    /lib/x86_64-linux-gnu/libnss_files-2.23.so
7fed86907000-7fed86b06000 ---p 0000b000 08:06 1328082                    /lib/x86_64-linux-gnu/libnss_files-2.23.so
7fed86b06000-7fed86b07000 r--p 0000a000 08:06 1328082                    /lib/x86_64-linux-gnu/libnss_files-2.23.so
7fed86b07000-7fed86b08000 rw-p 0000b000 08:06 1328082                    /lib/x86_64-linux-gnu/libnss_files-2.23.so
7fed86b08000-7fed86b0e000 rw-p 00000000 00:00 0 
7fed86b0e000-7fed86b19000 r-xp 00000000 08:06 1328079                    /lib/x86_64-linux-gnu/libnss_nis-2.23.so
7fed86b19000-7fed86d18000 ---p 0000b000 08:06 1328079                    /lib/x86_64-linux-gnu/libnss_nis-2.23.so
7fed86d18000-7fed86d19000 r--p 0000a000 08:06 1328079                    /lib/x86_64-linux-gnu/libnss_nis-2.23.so
7fed86d19000-7fed86d1a000 rw-p 0000b000 08:06 1328079                    /lib/x86_64-linux-gnu/libnss_nis-2.23.so
7fed86d1a000-7fed86d30000 r-xp 00000000 08:06 1328077                    /lib/x86_64-linux-gnu/libnsl-2.23.so
7fed86d30000-7fed86f2f000 ---p 00016000 08:06 1328077                    /lib/x86_64-linux-gnu/libnsl-2.23.so
7fed86f2f000-7fed86f30000 r--p 00015000 08:06 1328077                    /lib/x86_64-linux-gnu/libnsl-2.23.so
7fed86f30000-7fed86f31000 rw-p 00016000 08:06 1328077                    /lib/x86_64-linux-gnu/libnsl-2.23.so
7fed86f31000-7fed86f33000 rw-p 00000000 00:00 0 
7fed86f33000-7fed86f3b000 r-xp 00000000 08:06 1328075                    /lib/x86_64-linux-gnu/libnss_compat-2.23.so
7fed86f3b000-7fed8713a000 ---p 00008000 08:06 1328075                    /lib/x86_64-linux-gnu/libnss_compat-2.23.so
7fed8713a000-7fed8713b000 r--p 00007000 08:06 1328075                    /lib/x86_64-linux-gnu/libnss_compat-2.23.so
7fed8713b000-7fed8713c000 rw-p 00008000 08:06 1328075                    /lib/x86_64-linux-gnu/libnss_compat-2.23.so
7fed8713c000-7fed87169000 r-xp 00000000 08:06 2625227                    /usr/lib/jvm/java-8-openjdk-amd64/jre/lib/amd64/libjava.so
7fed87169000-7fed87368000 ---p 0002d000 08:06 2625227                    /usr/lib/jvm/java-8-openjdk-amd64/jre/lib/amd64/libjava.so
7fed87368000-7fed87369000 r--p 0002c000 08:06 2625227                    /usr/lib/jvm/java-8-openjdk-amd64/jre/lib/amd64/libjava.so
7fed87369000-7fed8736b000 rw-p 0002d000 08:06 2625227                    /usr/lib/jvm/java-8-openjdk-amd64/jre/lib/amd64/libjava.so
7fed8736b000-7fed8737a000 r-xp 00000000 08:06 2625231                    /usr/lib/jvm/java-8-openjdk-amd64/jre/lib/amd64/libverify.so
7fed8737a000-7fed87579000 ---p 0000f000 08:06 2625231                    /usr/lib/jvm/java-8-openjdk-amd64/jre/lib/amd64/libverify.so
7fed87579000-7fed8757b000 r--p 0000e000 08:06 2625231                    /usr/lib/jvm/java-8-openjdk-amd64/jre/lib/amd64/libverify.so
7fed8757b000-7fed8757c000 rw-p 00010000 08:06 2625231                    /usr/lib/jvm/java-8-openjdk-amd64/jre/lib/amd64/libverify.so
7fed8757c000-7fed87583000 r-xp 00000000 08:06 1328091                    /lib/x86_64-linux-gnu/librt-2.23.so
7fed87583000-7fed87782000 ---p 00007000 08:06 1328091                    /lib/x86_64-linux-gnu/librt-2.23.so
7fed87782000-7fed87783000 r--p 00006000 08:06 1328091                    /lib/x86_64-linux-gnu/librt-2.23.so
7fed87783000-7fed87784000 rw-p 00007000 08:06 1328091                    /lib/x86_64-linux-gnu/librt-2.23.so
7fed87784000-7fed8779a000 r-xp 00000000 08:06 1314845                    /lib/x86_64-linux-gnu/libgcc_s.so.1
7fed8779a000-7fed87999000 ---p 00016000 08:06 1314845                    /lib/x86_64-linux-gnu/libgcc_s.so.1
7fed87999000-7fed8799a000 rw-p 00015000 08:06 1314845                    /lib/x86_64-linux-gnu/libgcc_s.so.1
7fed8799a000-7fed87aa2000 r-xp 00000000 08:06 1328088                    /lib/x86_64-linux-gnu/libm-2.23.so
7fed87aa2000-7fed87ca1000 ---p 00108000 08:06 1328088                    /lib/x86_64-linux-gnu/libm-2.23.so
7fed87ca1000-7fed87ca2000 r--p 00107000 08:06 1328088                    /lib/x86_64-linux-gnu/libm-2.23.so
7fed87ca2000-7fed87ca3000 rw-p 00108000 08:06 1328088                    /lib/x86_64-linux-gnu/libm-2.23.so
7fed87ca3000-7fed87e15000 r-xp 00000000 08:06 528093                     /usr/lib/x86_64-linux-gnu/libstdc++.so.6.0.21
7fed87e15000-7fed88015000 ---p 00172000 08:06 528093                     /usr/lib/x86_64-linux-gnu/libstdc++.so.6.0.21
7fed88015000-7fed8801f000 r--p 00172000 08:06 528093                     /usr/lib/x86_64-linux-gnu/libstdc++.so.6.0.21
7fed8801f000-7fed88021000 rw-p 0017c000 08:06 528093                     /usr/lib/x86_64-linux-gnu/libstdc++.so.6.0.21
7fed88021000-7fed88025000 rw-p 00000000 00:00 0 
7fed88025000-7fed88c74000 r-xp 00000000 08:06 2625234                    /usr/lib/jvm/java-8-openjdk-amd64/jre/lib/amd64/server/libjvm.so
7fed88c74000-7fed88e73000 ---p 00c4f000 08:06 2625234                    /usr/lib/jvm/java-8-openjdk-amd64/jre/lib/amd64/server/libjvm.so
7fed88e73000-7fed88f06000 r--p 00c4e000 08:06 2625234                    /usr/lib/jvm/java-8-openjdk-amd64/jre/lib/amd64/server/libjvm.so
7fed88f06000-7fed88f2f000 rw-p 00ce1000 08:06 2625234                    /usr/lib/jvm/java-8-openjdk-amd64/jre/lib/amd64/server/libjvm.so
7fed88f2f000-7fed88f5f000 rw-p 00000000 00:00 0 
7fed88f5f000-7fed88f77000 r-xp 00000000 08:06 1328095                    /lib/x86_64-linux-gnu/libpthread-2.23.so
7fed88f77000-7fed89176000 ---p 00018000 08:06 1328095                    /lib/x86_64-linux-gnu/libpthread-2.23.so
7fed89176000-7fed89177000 r--p 00017000 08:06 1328095                    /lib/x86_64-linux-gnu/libpthread-2.23.so
7fed89177000-7fed89178000 rw-p 00018000 08:06 1328095                    /lib/x86_64-linux-gnu/libpthread-2.23.so
7fed89178000-7fed8917c000 rw-p 00000000 00:00 0 
7fed8917c000-7fed8917f000 r-xp 00000000 08:06 1328097                    /lib/x86_64-linux-gnu/libdl-2.23.so
7fed8917f000-7fed8937e000 ---p 00003000 08:06 1328097                    /lib/x86_64-linux-gnu/libdl-2.23.so
7fed8937e000-7fed8937f000 r--p 00002000 08:06 1328097                    /lib/x86_64-linux-gnu/libdl-2.23.so
7fed8937f000-7fed89380000 rw-p 00003000 08:06 1328097                    /lib/x86_64-linux-gnu/libdl-2.23.so
7fed89380000-7fed89399000 r-xp 00000000 08:06 1315549                    /lib/x86_64-linux-gnu/libz.so.1.2.8
7fed89399000-7fed89598000 ---p 00019000 08:06 1315549                    /lib/x86_64-linux-gnu/libz.so.1.2.8
7fed89598000-7fed89599000 r--p 00018000 08:06 1315549                    /lib/x86_64-linux-gnu/libz.so.1.2.8
7fed89599000-7fed8959a000 rw-p 00019000 08:06 1315549                    /lib/x86_64-linux-gnu/libz.so.1.2.8
7fed8959a000-7fed89759000 r-xp 00000000 08:06 1328096                    /lib/x86_64-linux-gnu/libc-2.23.so
7fed89759000-7fed89959000 ---p 001bf000 08:06 1328096                    /lib/x86_64-linux-gnu/libc-2.23.so
7fed89959000-7fed8995d000 r--p 001bf000 08:06 1328096                    /lib/x86_64-linux-gnu/libc-2.23.so
7fed8995d000-7fed8995f000 rw-p 001c3000 08:06 1328096                    /lib/x86_64-linux-gnu/libc-2.23.so
7fed8995f000-7fed89963000 rw-p 00000000 00:00 0 
7fed89963000-7fed89970000 r-xp 00000000 08:06 2625230                    /usr/lib/jvm/java-8-openjdk-amd64/jre/lib/amd64/jli/libjli.so
7fed89970000-7fed89b70000 ---p 0000d000 08:06 2625230                    /usr/lib/jvm/java-8-openjdk-amd64/jre/lib/amd64/jli/libjli.so
7fed89b70000-7fed89b71000 r--p 0000d000 08:06 2625230                    /usr/lib/jvm/java-8-openjdk-amd64/jre/lib/amd64/jli/libjli.so
7fed89b71000-7fed89b72000 rw-p 0000e000 08:06 2625230                    /usr/lib/jvm/java-8-openjdk-amd64/jre/lib/amd64/jli/libjli.so
7fed89b72000-7fed89b98000 r-xp 00000000 08:06 1328092                    /lib/x86_64-linux-gnu/ld-2.23.so
7fed89b98000-7fed89bab000 r--s 00346000 08:06 2625283                    /usr/lib/jvm/java-8-openjdk-amd64/jre/lib/resources.jar
7fed89bab000-7fed89bb0000 r--s 002f9000 08:06 2625308                    /usr/lib/jvm/java-8-openjdk-amd64/jre/lib/charsets.jar
7fed89bb0000-7fed89c54000 rw-p 00000000 00:00 0 
7fed89c54000-7fed89c57000 ---p 00000000 00:00 0 
7fed89c57000-7fed89d5a000 rw-p 00000000 00:00 0 
7fed89d5c000-7fed89d5f000 r--s 0000f000 08:06 2625275                    /usr/lib/jvm/java-8-openjdk-amd64/jre/lib/ext/icedtea-sound.jar
7fed89d5f000-7fed89d64000 r--s 0003b000 08:06 2625269                    /usr/lib/jvm/java-8-openjdk-amd64/jre/lib/ext/sunjce_provider.jar
7fed89d64000-7fed89d65000 r--s 00010000 08:06 2625274                    /usr/lib/jvm/java-8-openjdk-amd64/jre/lib/ext/zipfs.jar
7fed89d65000-7fed89d69000 r--s 00037000 08:06 2625270                    /usr/lib/jvm/java-8-openjdk-amd64/jre/lib/ext/sunpkcs11.jar
7fed89d69000-7fed89d6b000 r--s 00008000 08:06 2625272                    /usr/lib/jvm/java-8-openjdk-amd64/jre/lib/ext/sunec.jar
7fed89d6b000-7fed89d6d000 r--s 00001000 08:06 2625276                    /usr/lib/jvm/java-8-openjdk-amd64/jre/lib/ext/dnsns.jar
7fed89d6d000-7fed89d6e000 r--s 0000a000 08:06 2625271                    /usr/lib/jvm/java-8-openjdk-amd64/jre/lib/ext/jaccess.jar
7fed89d6e000-7fed89d78000 r--s 00116000 08:06 2625273                    /usr/lib/jvm/java-8-openjdk-amd64/jre/lib/ext/localedata.jar
7fed89d78000-7fed89d8b000 rw-p 00000000 00:00 0 
7fed89d8b000-7fed89d93000 rw-s 00000000 08:06 262743                     /tmp/hsperfdata_pcaragones/3445
7fed89d93000-7fed89d94000 rw-p 00000000 00:00 0 
7fed89d94000-7fed89d95000 r--p 00000000 00:00 0 
7fed89d95000-7fed89d97000 rw-p 00000000 00:00 0 
7fed89d97000-7fed89d98000 r--p 00025000 08:06 1328092                    /lib/x86_64-linux-gnu/ld-2.23.so
7fed89d98000-7fed89d99000 rw-p 00026000 08:06 1328092                    /lib/x86_64-linux-gnu/ld-2.23.so
7fed89d99000-7fed89d9a000 rw-p 00000000 00:00 0 
7ffe65888000-7ffe658a9000 rw-p 00000000 00:00 0                          [stack]
7ffe6592f000-7ffe65931000 r--p 00000000 00:00 0                          [vvar]
7ffe65931000-7ffe65933000 r-xp 00000000 00:00 0                          [vdso]
ffffffffff600000-ffffffffff601000 r-xp 00000000 00:00 0                  [vsyscall]

VM Arguments:
jvm_args: -Dfile.encoding=UTF-8 
java_command: com.miles.epik.window.Game
java_class_path (initial): /home/pcaragones/Desktop/prince/Bounce-Battle/Epik/bin
Launcher Type: SUN_STANDARD

Environment Variables:
PATH=/usr/local/sbin:/usr/local/bin:/usr/sbin:/usr/bin:/sbin:/bin:/usr/games:/usr/local/games:/snap/bin
SHELL=/bin/bash
DISPLAY=:0

Signal Handlers:
SIGSEGV: [libjvm.so+0xa65880], sa_mask[0]=11111111011111111101111111111110, sa_flags=SA_RESTART|SA_SIGINFO
SIGBUS: [libjvm.so+0xa65880], sa_mask[0]=11111111011111111101111111111110, sa_flags=SA_RESTART|SA_SIGINFO
SIGFPE: [libjvm.so+0x8af1c0], sa_mask[0]=11111111011111111101111111111110, sa_flags=SA_RESTART|SA_SIGINFO
SIGPIPE: [libjvm.so+0x8af1c0], sa_mask[0]=11111111011111111101111111111110, sa_flags=SA_RESTART|SA_SIGINFO
SIGXFSZ: [libjvm.so+0x8af1c0], sa_mask[0]=11111111011111111101111111111110, sa_flags=SA_RESTART|SA_SIGINFO
SIGILL: [libjvm.so+0x8af1c0], sa_mask[0]=11111111011111111101111111111110, sa_flags=SA_RESTART|SA_SIGINFO
SIGUSR1: SIG_DFL, sa_mask[0]=00000000000000000000000000000000, sa_flags=none
SIGUSR2: [libjvm.so+0x8af070], sa_mask[0]=00100000000000000000000000000000, sa_flags=SA_RESTART|SA_SIGINFO
SIGHUP: [libjvm.so+0x8af540], sa_mask[0]=11111111011111111101111111111110, sa_flags=SA_RESTART|SA_SIGINFO
SIGINT: [libjvm.so+0x8af540], sa_mask[0]=11111111011111111101111111111110, sa_flags=SA_RESTART|SA_SIGINFO
SIGTERM: [libjvm.so+0x8af540], sa_mask[0]=11111111011111111101111111111110, sa_flags=SA_RESTART|SA_SIGINFO
SIGQUIT: [libjvm.so+0x8af540], sa_mask[0]=11111111011111111101111111111110, sa_flags=SA_RESTART|SA_SIGINFO


---------------  S Y S T E M  ---------------

OS:DISTRIB_ID=Ubuntu
DISTRIB_RELEASE=16.04
DISTRIB_CODENAME=xenial
DISTRIB_DESCRIPTION="Ubuntu 16.04.1 LTS"

uname:Linux 4.4.0-47-generic #68-Ubuntu SMP Wed Oct 26 19:39:52 UTC 2016 x86_64
libc:glibc 2.23 NPTL 2.23 
rlimit: STACK 8192k, CORE 0k, NPROC 15233, NOFILE 65536, AS infinity
load average:28.81 9.90 4.82

/proc/meminfo:
MemTotal:        3940160 kB
MemFree:         1087816 kB
MemAvailable:    1124064 kB
Buffers:           25376 kB
Cached:           350380 kB
SwapCached:        36388 kB
Active:          2052268 kB
Inactive:         645996 kB
Active(anon):    1898328 kB
Inactive(anon):   574444 kB
Active(file):     153940 kB
Inactive(file):    71552 kB
Unevictable:          32 kB
Mlocked:              32 kB
SwapTotal:       4085756 kB
SwapFree:        3683144 kB
Dirty:               384 kB
Writeback:             0 kB
AnonPages:       2310952 kB
Mapped:           145068 kB
Shmem:            149812 kB
Slab:              69028 kB
SReclaimable:      33144 kB
SUnreclaim:        35884 kB
KernelStack:       10576 kB
PageTables:        19292 kB
NFS_Unstable:          0 kB
Bounce:                0 kB
WritebackTmp:          0 kB
CommitLimit:     6055836 kB
Committed_AS:    4853208 kB
VmallocTotal:   34359738367 kB
VmallocUsed:           0 kB
VmallocChunk:          0 kB
HardwareCorrupted:     0 kB
AnonHugePages:   1079296 kB
CmaTotal:              0 kB
CmaFree:               0 kB
HugePages_Total:       0
HugePages_Free:        0
HugePages_Rsvd:        0
HugePages_Surp:        0
Hugepagesize:       2048 kB
DirectMap4k:      168704 kB
DirectMap2M:     3919872 kB
DirectMap1G:     1048576 kB


CPU:total 4 (2 cores per cpu, 2 threads per core) family 6 model 69 stepping 1, cmov, cx8, fxsr, mmx, sse, sse2, sse3, ssse3, sse4.1, sse4.2, popcnt, avx, avx2, aes, clmul, erms, lzcnt, ht, tsc, tscinvbit, bmi1, bmi2

/proc/cpuinfo:
processor	: 0
vendor_id	: GenuineIntel
cpu family	: 6
model		: 69
model name	: Intel(R) Core(TM) i5-4210U CPU @ 1.70GHz
stepping	: 1
microcode	: 0x17
cpu MHz		: 2399.906
cache size	: 3072 KB
physical id	: 0
siblings	: 4
core id		: 0
cpu cores	: 2
apicid		: 0
initial apicid	: 0
fpu		: yes
fpu_exception	: yes
cpuid level	: 13
wp		: yes
flags		: fpu vme de pse tsc msr pae mce cx8 apic sep mtrr pge mca cmov pat pse36 clflush dts acpi mmx fxsr sse sse2 ss ht tm pbe syscall nx pdpe1gb rdtscp lm constant_tsc arch_perfmon pebs bts rep_good nopl xtopology nonstop_tsc aperfmperf eagerfpu pni pclmulqdq dtes64 monitor ds_cpl vmx est tm2 ssse3 sdbg fma cx16 xtpr pdcm pcid sse4_1 sse4_2 movbe popcnt tsc_deadline_timer aes xsave avx f16c rdrand lahf_lm abm epb tpr_shadow vnmi flexpriority ept vpid fsgsbase tsc_adjust bmi1 avx2 smep bmi2 erms invpcid xsaveopt dtherm ida arat pln pts
bugs		:
bogomips	: 4788.69
clflush size	: 64
cache_alignment	: 64
address sizes	: 39 bits physical, 48 bits virtual
power management:

processor	: 1
vendor_id	: GenuineIntel
cpu family	: 6
model		: 69
model name	: Intel(R) Core(TM) i5-4210U CPU @ 1.70GHz
stepping	: 1
microcode	: 0x17
cpu MHz		: 2400.000
cache size	: 3072 KB
physical id	: 0
siblings	: 4
core id		: 0
cpu cores	: 2
apicid		: 1
initial apicid	: 1
fpu		: yes
fpu_exception	: yes
cpuid level	: 13
wp		: yes
flags		: fpu vme de pse tsc msr pae mce cx8 apic sep mtrr pge mca cmov pat pse36 clflush dts acpi mmx fxsr sse sse2 ss ht tm pbe syscall nx pdpe1gb rdtscp lm constant_tsc arch_perfmon pebs bts rep_good nopl xtopology nonstop_tsc aperfmperf eagerfpu pni pclmulqdq dtes64 monitor ds_cpl vmx est tm2 ssse3 sdbg fma cx16 xtpr pdcm pcid sse4_1 sse4_2 movbe popcnt tsc_deadline_timer aes xsave avx f16c rdrand lahf_lm abm epb tpr_shadow vnmi flexpriority ept vpid fsgsbase tsc_adjust bmi1 avx2 smep bmi2 erms invpcid xsaveopt dtherm ida arat pln pts
bugs		:
bogomips	: 4788.69
clflush size	: 64
cache_alignment	: 64
address sizes	: 39 bits physical, 48 bits virtual
power management:

processor	: 2
vendor_id	: GenuineIntel
cpu family	: 6
model		: 69
model name	: Intel(R) Core(TM) i5-4210U CPU @ 1.70GHz
stepping	: 1
microcode	: 0x17
cpu MHz		: 2399.906
cache size	: 3072 KB
physical id	: 0
siblings	: 4
core id		: 1
cpu cores	: 2
apicid		: 2
initial apicid	: 2
fpu		: yes
fpu_exception	: yes
cpuid level	: 13
wp		: yes
flags		: fpu vme de pse tsc msr pae mce cx8 apic sep mtrr pge mca cmov pat pse36 clflush dts acpi mmx fxsr sse sse2 ss ht tm pbe syscall nx pdpe1gb rdtscp lm constant_tsc arch_perfmon pebs bts rep_good nopl xtopology nonstop_tsc aperfmperf eagerfpu pni pclmulqdq dtes64 monitor ds_cpl vmx est tm2 ssse3 sdbg fma cx16 xtpr pdcm pcid sse4_1 sse4_2 movbe popcnt tsc_deadline_timer aes xsave avx f16c rdrand lahf_lm abm epb tpr_shadow vnmi flexpriority ept vpid fsgsbase tsc_adjust bmi1 avx2 smep bmi2 erms invpcid xsaveopt dtherm ida arat pln pts
bugs		:
bogomips	: 4788.69
clflush size	: 64
cache_alignment	: 64
address sizes	: 39 bits physical, 48 bits virtual
power management:

processor	: 3
vendor_id	: GenuineIntel
cpu family	: 6
model		: 69
model name	: Intel(R) Core(TM) i5-4210U CPU @ 1.70GHz
stepping	: 1
microcode	: 0x17
cpu MHz		: 2399.906
cache size	: 3072 KB
physical id	: 0
siblings	: 4
core id		: 1
cpu cores	: 2
apicid		: 3
initial apicid	: 3
fpu		: yes
fpu_exception	: yes
cpuid level	: 13
wp		: yes
flags		: fpu vme de pse tsc msr pae mce cx8 apic sep mtrr pge mca cmov pat pse36 clflush dts acpi mmx fxsr sse sse2 ss ht tm pbe syscall nx pdpe1gb rdtscp lm constant_tsc arch_perfmon pebs bts rep_good nopl xtopology nonstop_tsc aperfmperf eagerfpu pni pclmulqdq dtes64 monitor ds_cpl vmx est tm2 ssse3 sdbg fma cx16 xtpr pdcm pcid sse4_1 sse4_2 movbe popcnt tsc_deadline_timer aes xsave avx f16c rdrand lahf_lm abm epb tpr_shadow vnmi flexpriority ept vpid fsgsbase tsc_adjust bmi1 avx2 smep bmi2 erms invpcid xsaveopt dtherm ida arat pln pts
bugs		:
bogomips	: 4788.69
clflush size	: 64
cache_alignment	: 64
address sizes	: 39 bits physical, 48 bits virtual
power management:



Memory: 4k page, physical 3940160k(1087816k free), swap 4085756k(3683144k free)

vm_info: OpenJDK 64-Bit Server VM (25.111-b14) for linux-amd64 JRE (1.8.0_111-8u111-b14-2ubuntu0.16.04.2-b14), built on Oct 27 2016 18:10:19 by "buildd" with gcc 5.4.0 20160609

time: Wed Nov 16 13:43:50 2016
elapsed time: 3412 seconds (0d 0h 56m 52s)

