#
# A fatal error has been detected by the Java Runtime Environment:
#
#  SIGSEGV (0xb) at pc=0x00007fa2ed0697ba, pid=7144, tid=0x00007fa2b3fff700
#
# JRE version: OpenJDK Runtime Environment (8.0_111-b14) (build 1.8.0_111-8u111-b14-2ubuntu0.16.04.2-b14)
# Java VM: OpenJDK 64-Bit Server VM (25.111-b14 mixed mode linux-amd64 compressed oops)
# Problematic frame:
# v  ~BufferBlob::jni_fast_GetLongField
#
# Failed to write core dump. Core dumps have been disabled. To enable core dumping, try "ulimit -c unlimited" before starting Java again
#
# If you would like to submit a bug report, please visit:
#   http://bugreport.java.com/bugreport/crash.jsp
# The crash happened outside the Java Virtual Machine in native code.
# See problematic frame for where to report the bug.
#

---------------  T H R E A D  ---------------

Current thread (0x00007fa2fc205800):  JavaThread "AWT-XAWT" daemon [_thread_in_native, id=7166, stack(0x00007fa2b3eff000,0x00007fa2b4000000)]

siginfo: si_signo: 11 (SIGSEGV), si_code: 1 (SEGV_MAPERR), si_addr: 0x0000000000000000

Registers:
RAX=0x00007fa304cd1fe0, RBX=0x00007fa2fc2059e0, RCX=0x0000000000000000, RDX=0x0000000000000042
RSP=0x00007fa2b3ffe838, RBP=0x00007fa2b3ffe860, RSI=0x0000000000000000, RDI=0x00007fa2fc2059e0
R8 =0x00000000ebfe8e70, R9 =0x0000000000000000, R10=0x0000000000000080, R11=0x00007fa2ed251058
R12=0x00007fa29800adf0, R13=0x0000000000000000, R14=0x00007fa2ea03ab00, R15=0x00007fa2fc205800
RIP=0x00007fa2ed0697ba, EFLAGS=0x0000000000010246, CSGSFS=0x0000000000000033, ERR=0x0000000000000004
  TRAPNO=0x000000000000000e

Top of Stack: (sp=0x00007fa2b3ffe838)
0x00007fa2b3ffe838:   00007fa2e9e17f74 00007fa3013d0690
0x00007fa2b3ffe848:   00007fa29800adf0 00007fa2b3ffe910
0x00007fa2b3ffe858:   00007fa2b3ffe8e0 0000000000000000
0x00007fa2b3ffe868:   00007fa2e98fa3c0 00007fa3013d0690
0x00007fa2b3ffe878:   00007fa2b3ffe8a0 0000000000000000
0x00007fa2b3ffe888:   00007fa2e98f1f93 00007fa2b3ffe910
0x00007fa2b3ffe898:   00007fa2e9e0fcef 00007fa2b3ffe8f0
0x00007fa2b3ffe8a8:   00007fa2ed2510f6 0000000000000000
0x00007fa2b3ffe8b8:   00007fa2ed1fa136 00007fa2b3ffe910
0x00007fa2b3ffe8c8:   00007fa2ed161bac 00007fa2b3ffe970
0x00007fa2b3ffe8d8:   00000000ec204c80 00000000ec1c1ac0
0x00007fa2b3ffe8e8:   0000000000000001 00007fa2b3ffe970
0x00007fa2b3ffe8f8:   00007fa2ed0077d0 00007fa2b3ffe970
0x00007fa2b3ffe908:   00007fa2ed0077d0 0000000000000000
0x00007fa2b3ffe918:   00007fa2ed007b10 00007fa2a8002e40
0x00007fa2b3ffe928:   00000000ec24abf0 00007fa2b3ffe930
0x00007fa2b3ffe938:   00007fa3014e026c 00007fa2b3ffe9b8
0x00007fa2b3ffe948:   00007fa3014e9bf8 0000000000000000
0x00007fa2b3ffe958:   00007fa3014e03a8 00007fa2b3ffe910
0x00007fa2b3ffe968:   00007fa2b3ffe9b0 00007fa2b3ffea00
0x00007fa2b3ffe978:   00007fa2ed007ffd 0000000000000000
0x00007fa2b3ffe988:   00000000ec59c000 0000000000000000
0x00007fa2b3ffe998:   0000000000000000 0000000000000000
0x00007fa2b3ffe9a8:   00000000ec24abf0 0000000000000000
0x00007fa2b3ffe9b8:   00000000ec205820 00007fa2b3ffe9c0
0x00007fa2b3ffe9c8:   00007fa3014e00ad 00007fa2b3ffea10
0x00007fa2b3ffe9d8:   00007fa3014e9bf8 0000000000000000
0x00007fa2b3ffe9e8:   00007fa3014e00b8 00007fa2b3ffe9b0
0x00007fa2b3ffe9f8:   00007fa2b3ffea10 00007fa2b3ffea58
0x00007fa2b3ffea08:   00007fa2ed008042 00000000ec205820
0x00007fa2b3ffea18:   00007fa2b3ffea18 00007fa30101494b
0x00007fa2b3ffea28:   00007fa2b3ffea68 00007fa30109bfd0 

Instructions: (pc=0x00007fa2ed0697ba)
0x00007fa2ed06979a:   00 00 00 00 00 00 44 8b 15 8d 53 c9 17 4c 8b ce
0x00007fa2ed0697aa:   41 f6 c2 01 0f 85 2e 00 00 00 4d 33 ca 4d 33 ca
0x00007fa2ed0697ba:   4d 8b 09 4c 8b da 49 c1 eb 02 4b 8b 04 19 49 bb
0x00007fa2ed0697ca:   34 eb cf 04 a3 7f 00 00 4c 33 d8 4c 33 d8 45 3b 

Register to memory mapping:

RAX=0x00007fa304cd1fe0: <offset 0xef0fe0> in /usr/lib/jvm/java-8-openjdk-amd64/jre/lib/amd64/server/libjvm.so at 0x00007fa303de1000
RBX=0x00007fa2fc2059e0 is an unknown value
RCX=0x0000000000000000 is an unknown value
RDX=0x0000000000000042 is an unknown value
RSP=0x00007fa2b3ffe838 is pointing into the stack for thread: 0x00007fa2fc205800
RBP=0x00007fa2b3ffe860 is pointing into the stack for thread: 0x00007fa2fc205800
RSI=0x0000000000000000 is an unknown value
RDI=0x00007fa2fc2059e0 is an unknown value
R8 =0x00000000ebfe8e70 is an oop
sun.util.logging.PlatformLogger$Level 
 - klass: 'sun/util/logging/PlatformLogger$Level'
R9 =0x0000000000000000 is an unknown value
R10=0x0000000000000080 is an unknown value
R11=0x00007fa2ed251058 is at entry_point+24 in (nmethod*)0x00007fa2ed250ed0
R12=0x00007fa29800adf0 is an unknown value
R13=0x0000000000000000 is an unknown value
R14=0x00007fa2ea03ab00: <offset 0x258b00> in /usr/lib/jvm/java-8-openjdk-amd64/jre/lib/amd64/libawt_xawt.so at 0x00007fa2e9de2000
R15=0x00007fa2fc205800 is a thread


Stack: [0x00007fa2b3eff000,0x00007fa2b4000000],  sp=0x00007fa2b3ffe838,  free space=1022k
Native frames: (J=compiled Java code, j=interpreted, Vv=VM code, C=native code)
v  ~BufferBlob::jni_fast_GetLongField
C  [libX11.so.6+0x643c0]  _XimServerDestroy+0x70

Java frames: (J=compiled Java code, j=interpreted, Vv=VM code)
J 659  sun.awt.X11.XlibWrapper.XFilterEvent(JJ)Z (0 bytes) @ 0x00007fa2ed251084 [0x00007fa2ed251040+0x44]
j  sun.awt.X11.XToolkit.run(Z)V+300
j  sun.awt.X11.XToolkit.run()V+5
j  java.lang.Thread.run()V+11
v  ~StubRoutines::call_stub

---------------  P R O C E S S  ---------------

Java Threads: ( => current thread )
  0x00007fa2a0014000 JavaThread "XToolkt-Shutdown-Thread" [_thread_blocked, id=8421, stack(0x00007fa2b2dcd000,0x00007fa2b2ece000)]
  0x00007fa2c4002000 JavaThread "SIGTERM handler" daemon [_thread_blocked, id=8419, stack(0x00007fa2b2ece000,0x00007fa2b2fcf000)]
  0x00007fa2c4001000 JavaThread "SIGHUP handler" daemon [_thread_blocked, id=8416, stack(0x00007fa2b3dfe000,0x00007fa2b3eff000)]
  0x00007fa2fc00a000 JavaThread "DestroyJavaVM" [_thread_blocked, id=7147, stack(0x00007fa305a10000,0x00007fa305b11000)]
  0x00007fa298015000 JavaThread "TimerQueue" daemon [_thread_blocked, id=7171, stack(0x00007fa2b2fcf000,0x00007fa2b30d0000)]
  0x00007fa2fc27a800 JavaThread "AWT-EventQueue-0" [_thread_blocked, id=7169, stack(0x00007fa2b34d0000,0x00007fa2b35d1000)]
  0x00007fa2fc278800 JavaThread "AWT-Shutdown" [_thread_blocked, id=7168, stack(0x00007fa2b35d1000,0x00007fa2b36d2000)]
=>0x00007fa2fc205800 JavaThread "AWT-XAWT" daemon [_thread_in_native, id=7166, stack(0x00007fa2b3eff000,0x00007fa2b4000000)]
  0x00007fa2fc1df000 JavaThread "Java2D Disposer" daemon [_thread_blocked, id=7165, stack(0x00007fa2e8425000,0x00007fa2e8526000)]
  0x00007fa2fc0b8800 JavaThread "Service Thread" daemon [_thread_blocked, id=7162, stack(0x00007fa2ea40d000,0x00007fa2ea50e000)]
  0x00007fa2fc0b1800 JavaThread "C1 CompilerThread2" daemon [_thread_blocked, id=7161, stack(0x00007fa2ea50e000,0x00007fa2ea60f000)]
  0x00007fa2fc0af800 JavaThread "C2 CompilerThread1" daemon [_thread_blocked, id=7160, stack(0x00007fa2ea60f000,0x00007fa2ea710000)]
  0x00007fa2fc0ac800 JavaThread "C2 CompilerThread0" daemon [_thread_blocked, id=7159, stack(0x00007fa2ea710000,0x00007fa2ea811000)]
  0x00007fa2fc0aa800 JavaThread "Signal Dispatcher" daemon [_thread_blocked, id=7158, stack(0x00007fa2ea811000,0x00007fa2ea912000)]
  0x00007fa2fc083800 JavaThread "Finalizer" daemon [_thread_blocked, id=7157, stack(0x00007fa2eabea000,0x00007fa2eaceb000)]
  0x00007fa2fc07f000 JavaThread "Reference Handler" daemon [_thread_blocked, id=7156, stack(0x00007fa2eaceb000,0x00007fa2eadec000)]

Other Threads:
  0x00007fa2fc077000 VMThread [stack: 0x00007fa2eadec000,0x00007fa2eaeed000] [id=7152]
  0x00007fa2fc0bb000 WatcherThread [stack: 0x00007fa2ea30c000,0x00007fa2ea40d000] [id=7163]

VM state:not at safepoint (normal execution)

VM Mutex/Monitor currently owned by a thread: None

Heap:
 PSYoungGen      total 18432K, used 7629K [0x00000000ebf80000, 0x00000000ed400000, 0x0000000100000000)
  eden space 15872K, 48% used [0x00000000ebf80000,0x00000000ec6f37c0,0x00000000ecf00000)
  from space 2560K, 0% used [0x00000000ed180000,0x00000000ed180000,0x00000000ed400000)
  to   space 2560K, 0% used [0x00000000ecf00000,0x00000000ecf00000,0x00000000ed180000)
 ParOldGen       total 42496K, used 0K [0x00000000c3e00000, 0x00000000c6780000, 0x00000000ebf80000)
  object space 42496K, 0% used [0x00000000c3e00000,0x00000000c3e00000,0x00000000c6780000)
 Metaspace       used 12146K, capacity 12366K, committed 12544K, reserved 1060864K
  class space    used 1427K, capacity 1513K, committed 1536K, reserved 1048576K

Card table byte_map: [0x00007fa301f0d000,0x00007fa3020ef000] byte_map_base: 0x00007fa3018ee000

Marking Bits: (ParMarkBitMap*) 0x00007fa304cfe220
 Begin Bits: [0x00007fa2eb1f0000, 0x00007fa2ec0f8000)
 End Bits:   [0x00007fa2ec0f8000, 0x00007fa2ed000000)

Polling page: 0x00007fa305b50000

CodeCache: size=245760Kb used=2727Kb max_used=2737Kb free=243032Kb
 bounds [0x00007fa2ed000000, 0x00007fa2ed2b0000, 0x00007fa2fc000000]
 total_blobs=1314 nmethods=758 adapters=471
 compilation: enabled

Compilation events (10 events):
Event: 92.404 Thread 0x00007fa2fc0ac800  754       4       java.util.concurrent.locks.AbstractQueuedSynchronizer::release (33 bytes)
Event: 94.670 Thread 0x00007fa2fc0ac800 nmethod 754 0x00007fa2ed2a6ed0 code [0x00007fa2ed2a7020, 0x00007fa2ed2a7128]
Event: 202.012 Thread 0x00007fa2fc0af800  755       4       sun.awt.SunToolkit::awtUnlock (7 bytes)
Event: 202.014 Thread 0x00007fa2fc0af800 nmethod 755 0x00007fa2ed2a7210 code [0x00007fa2ed2a7360, 0x00007fa2ed2a7448]
Event: 202.014 Thread 0x00007fa2fc0b1800  756       3       sun.awt.X11.XDropTargetEventProcessor::doProcessEvent (221 bytes)
Event: 202.050 Thread 0x00007fa2fc0b1800 nmethod 756 0x00007fa2ed2a7590 code [0x00007fa2ed2a7ae0, 0x00007fa2ed2aaf38]
Event: 440.526 Thread 0x00007fa2fc0ac800  757       4       java.lang.Long::valueOf (36 bytes)
Event: 440.530 Thread 0x00007fa2fc0ac800 nmethod 757 0x00007fa2ed2a5650 code [0x00007fa2ed2a57a0, 0x00007fa2ed2a58d8]
Event: 582.563 Thread 0x00007fa2fc0b1800  758       3       java.security.AccessControlContext::calculateFields (89 bytes)
Event: 583.662 Thread 0x00007fa2fc0b1800 nmethod 758 0x00007fa2ed2a4fd0 code [0x00007fa2ed2a5160, 0x00007fa2ed2a5518]

GC Heap History (0 events):
No events

Deoptimization events (4 events):
Event: 2.881 Thread 0x00007fa2fc27a800 Uncommon trap: reason=class_check action=maybe_recompile pc=0x00007fa2ed15e530 method=java.lang.String.equals(Ljava/lang/Object;)Z @ 8
Event: 2.881 Thread 0x00007fa2fc27a800 Uncommon trap: reason=class_check action=maybe_recompile pc=0x00007fa2ed15e530 method=java.lang.String.equals(Ljava/lang/Object;)Z @ 8
Event: 2.959 Thread 0x00007fa2fc27a800 Uncommon trap: reason=class_check action=maybe_recompile pc=0x00007fa2ed15e530 method=java.lang.String.equals(Ljava/lang/Object;)Z @ 8
Event: 2.959 Thread 0x00007fa2fc27a800 Uncommon trap: reason=class_check action=maybe_recompile pc=0x00007fa2ed15e530 method=java.lang.String.equals(Ljava/lang/Object;)Z @ 8

Internal exceptions (10 events):
Event: 0.315 Thread 0x00007fa2fc00a000 Exception <a 'java/security/PrivilegedActionException'> (0x00000000ec001d10) thrown at [/build/openjdk-8-8jAw7G/openjdk-8-8u111-b14/src/hotspot/src/share/vm/prims/jvm.cpp, line 1386]
Event: 0.315 Thread 0x00007fa2fc00a000 Exception <a 'java/security/PrivilegedActionException'> (0x00000000ec001f20) thrown at [/build/openjdk-8-8jAw7G/openjdk-8-8u111-b14/src/hotspot/src/share/vm/prims/jvm.cpp, line 1386]
Event: 0.451 Thread 0x00007fa2fc00a000 Exception <a 'java/lang/NoSuchFieldError': method resolution failed> (0x00000000ec122748) thrown at [/build/openjdk-8-8jAw7G/openjdk-8-8u111-b14/src/hotspot/src/share/vm/prims/methodHandles.cpp, line 1146]
Event: 0.472 Thread 0x00007fa2fc00a000 Exception <a 'java/lang/NoSuchFieldError': method resolution failed> (0x00000000ec12ff48) thrown at [/build/openjdk-8-8jAw7G/openjdk-8-8u111-b14/src/hotspot/src/share/vm/prims/methodHandles.cpp, line 1146]
Event: 0.592 Thread 0x00007fa2fc00a000 Exception <a 'java/io/FileNotFoundException'> (0x00000000ec1aec88) thrown at [/build/openjdk-8-8jAw7G/openjdk-8-8u111-b14/src/hotspot/src/share/vm/prims/jni.cpp, line 709]
Event: 0.592 Thread 0x00007fa2fc00a000 Exception <a 'java/io/FileNotFoundException'> (0x00000000ec1af6c8) thrown at [/build/openjdk-8-8jAw7G/openjdk-8-8u111-b14/src/hotspot/src/share/vm/prims/jni.cpp, line 709]
Event: 0.661 Thread 0x00007fa2fc00a000 Exception <a 'java/lang/ClassNotFoundException': sun/dc/DuctusRenderingEngine> (0x00000000ec1c7688) thrown at [/build/openjdk-8-8jAw7G/openjdk-8-8u111-b14/src/hotspot/src/share/vm/classfile/systemDictionary.cpp, line 210]
Event: 1.564 Thread 0x00007fa2fc27a800 Exception <a 'java/lang/UnsupportedOperationException': > (0x00000000ec444610) thrown at [/build/openjdk-8-8jAw7G/openjdk-8-8u111-b14/src/hotspot/src/share/vm/prims/jni.cpp, line 735]
Event: 4.516 Thread 0x00007fa2fc27a800 Exception <a 'java/lang/UnsupportedOperationException': > (0x00000000ec527788) thrown at [/build/openjdk-8-8jAw7G/openjdk-8-8u111-b14/src/hotspot/src/share/vm/prims/jni.cpp, line 735]
Event: 5.995 Thread 0x00007fa2fc27a800 Exception <a 'java/lang/UnsupportedOperationException': > (0x00000000ec550ed8) thrown at [/build/openjdk-8-8jAw7G/openjdk-8-8u111-b14/src/hotspot/src/share/vm/prims/jni.cpp, line 735]

Events (10 events):
Event: 7.214 Thread 0x00007fa2fc00a000 Thread added: 0x00007fa2fc00a000
Event: 201.435 loading class sun/awt/X11/XkbEvent
Event: 201.596 loading class sun/awt/X11/XkbEvent done
Event: 201.759 loading class sun/awt/X11/XkbAnyEvent
Event: 201.760 loading class sun/awt/X11/XkbAnyEvent done
Event: 574.709 loading class sun/awt/X11/XDestroyWindowEvent
Event: 575.892 loading class sun/awt/X11/XDestroyWindowEvent done
Event: 580.612 loading class sun/misc/Signal$1
Event: 582.562 loading class sun/misc/Signal$1 done
Event: 582.562 Thread 0x00007fa2c4001000 Thread added: 0x00007fa2c4001000


Dynamic libraries:
00400000-00401000 r-xp 00000000 08:06 2650703                            /usr/lib/jvm/java-8-openjdk-amd64/jre/bin/java
00600000-00601000 r--p 00000000 08:06 2650703                            /usr/lib/jvm/java-8-openjdk-amd64/jre/bin/java
00601000-00602000 rw-p 00001000 08:06 2650703                            /usr/lib/jvm/java-8-openjdk-amd64/jre/bin/java
01db6000-01dd7000 rw-p 00000000 00:00 0                                  [heap]
c3e00000-c6780000 rw-p 00000000 00:00 0 
c6780000-ebf80000 ---p 00000000 00:00 0 
ebf80000-ed400000 rw-p 00000000 00:00 0 
ed400000-100000000 ---p 00000000 00:00 0 
100000000-100180000 rw-p 00000000 00:00 0 
100180000-140000000 ---p 00000000 00:00 0 
7fa290000000-7fa290021000 rw-p 00000000 00:00 0 
7fa290021000-7fa294000000 ---p 00000000 00:00 0 
7fa294000000-7fa294021000 rw-p 00000000 00:00 0 
7fa294021000-7fa298000000 ---p 00000000 00:00 0 
7fa298000000-7fa298035000 rw-p 00000000 00:00 0 
7fa298035000-7fa29c000000 ---p 00000000 00:00 0 
7fa29c000000-7fa29c021000 rw-p 00000000 00:00 0 
7fa29c021000-7fa2a0000000 ---p 00000000 00:00 0 
7fa2a0000000-7fa2a0021000 rw-p 00000000 00:00 0 
7fa2a0021000-7fa2a4000000 ---p 00000000 00:00 0 
7fa2a4000000-7fa2a4021000 rw-p 00000000 00:00 0 
7fa2a4021000-7fa2a8000000 ---p 00000000 00:00 0 
7fa2a8000000-7fa2a8021000 rw-p 00000000 00:00 0 
7fa2a8021000-7fa2ac000000 ---p 00000000 00:00 0 
7fa2ac000000-7fa2ac021000 rw-p 00000000 00:00 0 
7fa2ac021000-7fa2b0000000 ---p 00000000 00:00 0 
7fa2b2dcd000-7fa2b2dd0000 ---p 00000000 00:00 0 
7fa2b2dd0000-7fa2b2ece000 rw-p 00000000 00:00 0 
7fa2b2ece000-7fa2b2ed1000 ---p 00000000 00:00 0 
7fa2b2ed1000-7fa2b2fcf000 rw-p 00000000 00:00 0 
7fa2b2fcf000-7fa2b2fd2000 ---p 00000000 00:00 0 
7fa2b2fd2000-7fa2b3190000 rw-p 00000000 00:00 0 
7fa2b3190000-7fa2b32d0000 ---p 00000000 00:00 0 
7fa2b32d0000-7fa2b34d0000 rw-p 00000000 00:00 0 
7fa2b34d0000-7fa2b34d3000 ---p 00000000 00:00 0 
7fa2b34d3000-7fa2b35d1000 rw-p 00000000 00:00 0 
7fa2b35d1000-7fa2b35d4000 ---p 00000000 00:00 0 
7fa2b35d4000-7fa2b36d2000 rw-p 00000000 00:00 0 
7fa2b36d2000-7fa2b36e3000 r-xp 00000000 08:06 2625228                    /usr/lib/jvm/java-8-openjdk-amd64/jre/lib/amd64/libnio.so
7fa2b36e3000-7fa2b38e3000 ---p 00011000 08:06 2625228                    /usr/lib/jvm/java-8-openjdk-amd64/jre/lib/amd64/libnio.so
7fa2b38e3000-7fa2b38e4000 r--p 00011000 08:06 2625228                    /usr/lib/jvm/java-8-openjdk-amd64/jre/lib/amd64/libnio.so
7fa2b38e4000-7fa2b38e5000 rw-p 00012000 08:06 2625228                    /usr/lib/jvm/java-8-openjdk-amd64/jre/lib/amd64/libnio.so
7fa2b38e5000-7fa2b3be6000 rw-p 00000000 00:00 0 
7fa2b3be6000-7fa2b3bfd000 r-xp 00000000 08:06 2625259                    /usr/lib/jvm/java-8-openjdk-amd64/jre/lib/amd64/libnet.so
7fa2b3bfd000-7fa2b3dfc000 ---p 00017000 08:06 2625259                    /usr/lib/jvm/java-8-openjdk-amd64/jre/lib/amd64/libnet.so
7fa2b3dfc000-7fa2b3dfd000 r--p 00016000 08:06 2625259                    /usr/lib/jvm/java-8-openjdk-amd64/jre/lib/amd64/libnet.so
7fa2b3dfd000-7fa2b3dfe000 rw-p 00017000 08:06 2625259                    /usr/lib/jvm/java-8-openjdk-amd64/jre/lib/amd64/libnet.so
7fa2b3dfe000-7fa2b3e01000 ---p 00000000 00:00 0 
7fa2b3e01000-7fa2b3eff000 rw-p 00000000 00:00 0 
7fa2b3eff000-7fa2b3f02000 ---p 00000000 00:00 0 
7fa2b3f02000-7fa2b4000000 rw-p 00000000 00:00 0 
7fa2b4000000-7fa2b4021000 rw-p 00000000 00:00 0 
7fa2b4021000-7fa2b8000000 ---p 00000000 00:00 0 
7fa2b8000000-7fa2b8021000 rw-p 00000000 00:00 0 
7fa2b8021000-7fa2bc000000 ---p 00000000 00:00 0 
7fa2bc000000-7fa2bc04e000 rw-p 00000000 00:00 0 
7fa2bc04e000-7fa2c0000000 ---p 00000000 00:00 0 
7fa2c0000000-7fa2c041f000 rw-p 00000000 00:00 0 
7fa2c041f000-7fa2c4000000 ---p 00000000 00:00 0 
7fa2c4000000-7fa2c4021000 rw-p 00000000 00:00 0 
7fa2c4021000-7fa2c8000000 ---p 00000000 00:00 0 
7fa2c8000000-7fa2c8177000 rw-p 00000000 00:00 0 
7fa2c8177000-7fa2cc000000 ---p 00000000 00:00 0 
7fa2cc000000-7fa2cc021000 rw-p 00000000 00:00 0 
7fa2cc021000-7fa2d0000000 ---p 00000000 00:00 0 
7fa2d0000000-7fa2d0021000 rw-p 00000000 00:00 0 
7fa2d0021000-7fa2d4000000 ---p 00000000 00:00 0 
7fa2d4000000-7fa2d4021000 rw-p 00000000 00:00 0 
7fa2d4021000-7fa2d8000000 ---p 00000000 00:00 0 
7fa2d8000000-7fa2d8021000 rw-p 00000000 00:00 0 
7fa2d8021000-7fa2dc000000 ---p 00000000 00:00 0 
7fa2dc000000-7fa2dc021000 rw-p 00000000 00:00 0 
7fa2dc021000-7fa2e0000000 ---p 00000000 00:00 0 
7fa2e0000000-7fa2e0021000 rw-p 00000000 00:00 0 
7fa2e0021000-7fa2e4000000 ---p 00000000 00:00 0 
7fa2e4000000-7fa2e4021000 rw-p 00000000 00:00 0 
7fa2e4021000-7fa2e8000000 ---p 00000000 00:00 0 
7fa2e8015000-7fa2e801a000 r-xp 00000000 08:06 524887                     /usr/lib/x86_64-linux-gnu/libXfixes.so.3.1.0
7fa2e801a000-7fa2e8219000 ---p 00005000 08:06 524887                     /usr/lib/x86_64-linux-gnu/libXfixes.so.3.1.0
7fa2e8219000-7fa2e821a000 r--p 00004000 08:06 524887                     /usr/lib/x86_64-linux-gnu/libXfixes.so.3.1.0
7fa2e821a000-7fa2e821b000 rw-p 00005000 08:06 524887                     /usr/lib/x86_64-linux-gnu/libXfixes.so.3.1.0
7fa2e821b000-7fa2e8224000 r-xp 00000000 08:06 533595                     /usr/lib/x86_64-linux-gnu/libXcursor.so.1.0.2
7fa2e8224000-7fa2e8423000 ---p 00009000 08:06 533595                     /usr/lib/x86_64-linux-gnu/libXcursor.so.1.0.2
7fa2e8423000-7fa2e8424000 r--p 00008000 08:06 533595                     /usr/lib/x86_64-linux-gnu/libXcursor.so.1.0.2
7fa2e8424000-7fa2e8425000 rw-p 00009000 08:06 533595                     /usr/lib/x86_64-linux-gnu/libXcursor.so.1.0.2
7fa2e8425000-7fa2e8428000 ---p 00000000 00:00 0 
7fa2e8428000-7fa2e8526000 rw-p 00000000 00:00 0 
7fa2e8526000-7fa2e854a000 r-xp 00000000 08:06 1315012                    /lib/x86_64-linux-gnu/libpng12.so.0.54.0
7fa2e854a000-7fa2e8749000 ---p 00024000 08:06 1315012                    /lib/x86_64-linux-gnu/libpng12.so.0.54.0
7fa2e8749000-7fa2e874a000 r--p 00023000 08:06 1315012                    /lib/x86_64-linux-gnu/libpng12.so.0.54.0
7fa2e874a000-7fa2e874b000 rw-p 00024000 08:06 1315012                    /lib/x86_64-linux-gnu/libpng12.so.0.54.0
7fa2e874b000-7fa2e87ef000 r-xp 00000000 08:06 525529                     /usr/lib/x86_64-linux-gnu/libfreetype.so.6.12.1
7fa2e87ef000-7fa2e89ee000 ---p 000a4000 08:06 525529                     /usr/lib/x86_64-linux-gnu/libfreetype.so.6.12.1
7fa2e89ee000-7fa2e89f4000 r--p 000a3000 08:06 525529                     /usr/lib/x86_64-linux-gnu/libfreetype.so.6.12.1
7fa2e89f4000-7fa2e89f5000 rw-p 000a9000 08:06 525529                     /usr/lib/x86_64-linux-gnu/libfreetype.so.6.12.1
7fa2e89f5000-7fa2e8a47000 r-xp 00000000 08:06 2625223                    /usr/lib/jvm/java-8-openjdk-amd64/jre/lib/amd64/libfontmanager.so
7fa2e8a47000-7fa2e8c47000 ---p 00052000 08:06 2625223                    /usr/lib/jvm/java-8-openjdk-amd64/jre/lib/amd64/libfontmanager.so
7fa2e8c47000-7fa2e8c49000 r--p 00052000 08:06 2625223                    /usr/lib/jvm/java-8-openjdk-amd64/jre/lib/amd64/libfontmanager.so
7fa2e8c49000-7fa2e8c4a000 rw-p 00054000 08:06 2625223                    /usr/lib/jvm/java-8-openjdk-amd64/jre/lib/amd64/libfontmanager.so
7fa2e8c4a000-7fa2e8c4f000 r-xp 00000000 08:06 526142                     /usr/lib/x86_64-linux-gnu/libXdmcp.so.6.0.0
7fa2e8c4f000-7fa2e8e4e000 ---p 00005000 08:06 526142                     /usr/lib/x86_64-linux-gnu/libXdmcp.so.6.0.0
7fa2e8e4e000-7fa2e8e4f000 r--p 00004000 08:06 526142                     /usr/lib/x86_64-linux-gnu/libXdmcp.so.6.0.0
7fa2e8e4f000-7fa2e8e50000 rw-p 00005000 08:06 526142                     /usr/lib/x86_64-linux-gnu/libXdmcp.so.6.0.0
7fa2e8e50000-7fa2e8e52000 r-xp 00000000 08:06 533588                     /usr/lib/x86_64-linux-gnu/libXau.so.6.0.0
7fa2e8e52000-7fa2e9052000 ---p 00002000 08:06 533588                     /usr/lib/x86_64-linux-gnu/libXau.so.6.0.0
7fa2e9052000-7fa2e9053000 r--p 00002000 08:06 533588                     /usr/lib/x86_64-linux-gnu/libXau.so.6.0.0
7fa2e9053000-7fa2e9054000 rw-p 00003000 08:06 533588                     /usr/lib/x86_64-linux-gnu/libXau.so.6.0.0
7fa2e9054000-7fa2e9075000 r-xp 00000000 08:06 526144                     /usr/lib/x86_64-linux-gnu/libxcb.so.1.1.0
7fa2e9075000-7fa2e9274000 ---p 00021000 08:06 526144                     /usr/lib/x86_64-linux-gnu/libxcb.so.1.1.0
7fa2e9274000-7fa2e9275000 r--p 00020000 08:06 526144                     /usr/lib/x86_64-linux-gnu/libxcb.so.1.1.0
7fa2e9275000-7fa2e9276000 rw-p 00021000 08:06 526144                     /usr/lib/x86_64-linux-gnu/libxcb.so.1.1.0
7fa2e9276000-7fa2e9285000 r-xp 00000000 08:06 527235                     /usr/lib/x86_64-linux-gnu/libXi.so.6.1.0
7fa2e9285000-7fa2e9484000 ---p 0000f000 08:06 527235                     /usr/lib/x86_64-linux-gnu/libXi.so.6.1.0
7fa2e9484000-7fa2e9485000 r--p 0000e000 08:06 527235                     /usr/lib/x86_64-linux-gnu/libXi.so.6.1.0
7fa2e9485000-7fa2e9486000 rw-p 0000f000 08:06 527235                     /usr/lib/x86_64-linux-gnu/libXi.so.6.1.0
7fa2e9486000-7fa2e948b000 r-xp 00000000 08:06 533629                     /usr/lib/x86_64-linux-gnu/libXtst.so.6.1.0
7fa2e948b000-7fa2e968a000 ---p 00005000 08:06 533629                     /usr/lib/x86_64-linux-gnu/libXtst.so.6.1.0
7fa2e968a000-7fa2e968b000 r--p 00004000 08:06 533629                     /usr/lib/x86_64-linux-gnu/libXtst.so.6.1.0
7fa2e968b000-7fa2e968c000 rw-p 00005000 08:06 533629                     /usr/lib/x86_64-linux-gnu/libXtst.so.6.1.0
7fa2e968c000-7fa2e9695000 r-xp 00000000 08:06 526194                     /usr/lib/x86_64-linux-gnu/libXrender.so.1.3.0
7fa2e9695000-7fa2e9894000 ---p 00009000 08:06 526194                     /usr/lib/x86_64-linux-gnu/libXrender.so.1.3.0
7fa2e9894000-7fa2e9895000 r--p 00008000 08:06 526194                     /usr/lib/x86_64-linux-gnu/libXrender.so.1.3.0
7fa2e9895000-7fa2e9896000 rw-p 00009000 08:06 526194                     /usr/lib/x86_64-linux-gnu/libXrender.so.1.3.0
7fa2e9896000-7fa2e99cb000 r-xp 00000000 08:06 526146                     /usr/lib/x86_64-linux-gnu/libX11.so.6.3.0
7fa2e99cb000-7fa2e9bcb000 ---p 00135000 08:06 526146                     /usr/lib/x86_64-linux-gnu/libX11.so.6.3.0
7fa2e9bcb000-7fa2e9bcc000 r--p 00135000 08:06 526146                     /usr/lib/x86_64-linux-gnu/libX11.so.6.3.0
7fa2e9bcc000-7fa2e9bd0000 rw-p 00136000 08:06 526146                     /usr/lib/x86_64-linux-gnu/libX11.so.6.3.0
7fa2e9bd0000-7fa2e9be1000 r-xp 00000000 08:06 526149                     /usr/lib/x86_64-linux-gnu/libXext.so.6.4.0
7fa2e9be1000-7fa2e9de0000 ---p 00011000 08:06 526149                     /usr/lib/x86_64-linux-gnu/libXext.so.6.4.0
7fa2e9de0000-7fa2e9de1000 r--p 00010000 08:06 526149                     /usr/lib/x86_64-linux-gnu/libXext.so.6.4.0
7fa2e9de1000-7fa2e9de2000 rw-p 00011000 08:06 526149                     /usr/lib/x86_64-linux-gnu/libXext.so.6.4.0
7fa2e9de2000-7fa2e9e36000 r-xp 00000000 08:06 2625251                    /usr/lib/jvm/java-8-openjdk-amd64/jre/lib/amd64/libawt_xawt.so
7fa2e9e36000-7fa2ea036000 ---p 00054000 08:06 2625251                    /usr/lib/jvm/java-8-openjdk-amd64/jre/lib/amd64/libawt_xawt.so
7fa2ea036000-7fa2ea037000 r--p 00054000 08:06 2625251                    /usr/lib/jvm/java-8-openjdk-amd64/jre/lib/amd64/libawt_xawt.so
7fa2ea037000-7fa2ea03a000 rw-p 00055000 08:06 2625251                    /usr/lib/jvm/java-8-openjdk-amd64/jre/lib/amd64/libawt_xawt.so
7fa2ea03a000-7fa2ea03b000 rw-p 00000000 00:00 0 
7fa2ea03b000-7fa2ea0db000 r-xp 00000000 08:06 2625260                    /usr/lib/jvm/java-8-openjdk-amd64/jre/lib/amd64/libawt.so
7fa2ea0db000-7fa2ea2db000 ---p 000a0000 08:06 2625260                    /usr/lib/jvm/java-8-openjdk-amd64/jre/lib/amd64/libawt.so
7fa2ea2db000-7fa2ea2dc000 r--p 000a0000 08:06 2625260                    /usr/lib/jvm/java-8-openjdk-amd64/jre/lib/amd64/libawt.so
7fa2ea2dc000-7fa2ea2e7000 rw-p 000a1000 08:06 2625260                    /usr/lib/jvm/java-8-openjdk-amd64/jre/lib/amd64/libawt.so
7fa2ea2e7000-7fa2ea30c000 rw-p 00000000 00:00 0 
7fa2ea30c000-7fa2ea30d000 ---p 00000000 00:00 0 
7fa2ea30d000-7fa2ea40d000 rw-p 00000000 00:00 0 
7fa2ea40d000-7fa2ea410000 ---p 00000000 00:00 0 
7fa2ea410000-7fa2ea50e000 rw-p 00000000 00:00 0 
7fa2ea50e000-7fa2ea511000 ---p 00000000 00:00 0 
7fa2ea511000-7fa2ea60f000 rw-p 00000000 00:00 0 
7fa2ea60f000-7fa2ea612000 ---p 00000000 00:00 0 
7fa2ea612000-7fa2ea710000 rw-p 00000000 00:00 0 
7fa2ea710000-7fa2ea713000 ---p 00000000 00:00 0 
7fa2ea713000-7fa2ea811000 rw-p 00000000 00:00 0 
7fa2ea811000-7fa2ea814000 ---p 00000000 00:00 0 
7fa2ea814000-7fa2ea912000 rw-p 00000000 00:00 0 
7fa2ea912000-7fa2eabea000 r--p 00000000 08:06 525093                     /usr/lib/locale/locale-archive
7fa2eabea000-7fa2eabed000 ---p 00000000 00:00 0 
7fa2eabed000-7fa2eaceb000 rw-p 00000000 00:00 0 
7fa2eaceb000-7fa2eacee000 ---p 00000000 00:00 0 
7fa2eacee000-7fa2eadec000 rw-p 00000000 00:00 0 
7fa2eadec000-7fa2eaded000 ---p 00000000 00:00 0 
7fa2eaded000-7fa2ed000000 rw-p 00000000 00:00 0 
7fa2ed000000-7fa2ed2b0000 rwxp 00000000 00:00 0 
7fa2ed2b0000-7fa2fc000000 ---p 00000000 00:00 0 
7fa2fc000000-7fa2fc2d3000 rw-p 00000000 00:00 0 
7fa2fc2d3000-7fa300000000 ---p 00000000 00:00 0 
7fa300090000-7fa3000ab000 r--s 001d5000 08:06 2625268                    /usr/lib/jvm/java-8-openjdk-amd64/jre/lib/ext/nashorn.jar
7fa3000ab000-7fa3000c6000 r--s 00394000 08:06 2625264                    /usr/lib/jvm/java-8-openjdk-amd64/jre/lib/ext/cldrdata.jar
7fa3000c6000-7fa300da3000 rw-p 00000000 00:00 0 
7fa300da3000-7fa300f71000 r--s 03bf1000 08:06 2625286                    /usr/lib/jvm/java-8-openjdk-amd64/jre/lib/rt.jar
7fa300f71000-7fa3019c8000 rw-p 00000000 00:00 0 
7fa3019c8000-7fa3019c9000 ---p 00000000 00:00 0 
7fa3019c9000-7fa301ac9000 rw-p 00000000 00:00 0 
7fa301ac9000-7fa301aca000 ---p 00000000 00:00 0 
7fa301aca000-7fa301bca000 rw-p 00000000 00:00 0 
7fa301bca000-7fa301bcb000 ---p 00000000 00:00 0 
7fa301bcb000-7fa301ccb000 rw-p 00000000 00:00 0 
7fa301ccb000-7fa301ccc000 ---p 00000000 00:00 0 
7fa301ccc000-7fa301de1000 rw-p 00000000 00:00 0 
7fa301de1000-7fa301f0d000 ---p 00000000 00:00 0 
7fa301f0d000-7fa301f22000 rw-p 00000000 00:00 0 
7fa301f22000-7fa30204d000 ---p 00000000 00:00 0 
7fa30204d000-7fa302058000 rw-p 00000000 00:00 0 
7fa302058000-7fa3020ee000 ---p 00000000 00:00 0 
7fa3020ee000-7fa3020fa000 rw-p 00000000 00:00 0 
7fa3020fa000-7fa3024af000 ---p 00000000 00:00 0 
7fa3024af000-7fa3024b7000 r-xp 00000000 08:06 2625233                    /usr/lib/jvm/java-8-openjdk-amd64/jre/lib/amd64/libzip.so
7fa3024b7000-7fa3026b6000 ---p 00008000 08:06 2625233                    /usr/lib/jvm/java-8-openjdk-amd64/jre/lib/amd64/libzip.so
7fa3026b6000-7fa3026b7000 r--p 00007000 08:06 2625233                    /usr/lib/jvm/java-8-openjdk-amd64/jre/lib/amd64/libzip.so
7fa3026b7000-7fa3026b8000 rw-p 00008000 08:06 2625233                    /usr/lib/jvm/java-8-openjdk-amd64/jre/lib/amd64/libzip.so
7fa3026b8000-7fa3026c3000 r-xp 00000000 08:06 1328082                    /lib/x86_64-linux-gnu/libnss_files-2.23.so
7fa3026c3000-7fa3028c2000 ---p 0000b000 08:06 1328082                    /lib/x86_64-linux-gnu/libnss_files-2.23.so
7fa3028c2000-7fa3028c3000 r--p 0000a000 08:06 1328082                    /lib/x86_64-linux-gnu/libnss_files-2.23.so
7fa3028c3000-7fa3028c4000 rw-p 0000b000 08:06 1328082                    /lib/x86_64-linux-gnu/libnss_files-2.23.so
7fa3028c4000-7fa3028ca000 rw-p 00000000 00:00 0 
7fa3028ca000-7fa3028d5000 r-xp 00000000 08:06 1328079                    /lib/x86_64-linux-gnu/libnss_nis-2.23.so
7fa3028d5000-7fa302ad4000 ---p 0000b000 08:06 1328079                    /lib/x86_64-linux-gnu/libnss_nis-2.23.so
7fa302ad4000-7fa302ad5000 r--p 0000a000 08:06 1328079                    /lib/x86_64-linux-gnu/libnss_nis-2.23.so
7fa302ad5000-7fa302ad6000 rw-p 0000b000 08:06 1328079                    /lib/x86_64-linux-gnu/libnss_nis-2.23.so
7fa302ad6000-7fa302aec000 r-xp 00000000 08:06 1328077                    /lib/x86_64-linux-gnu/libnsl-2.23.so
7fa302aec000-7fa302ceb000 ---p 00016000 08:06 1328077                    /lib/x86_64-linux-gnu/libnsl-2.23.so
7fa302ceb000-7fa302cec000 r--p 00015000 08:06 1328077                    /lib/x86_64-linux-gnu/libnsl-2.23.so
7fa302cec000-7fa302ced000 rw-p 00016000 08:06 1328077                    /lib/x86_64-linux-gnu/libnsl-2.23.so
7fa302ced000-7fa302cef000 rw-p 00000000 00:00 0 
7fa302cef000-7fa302cf7000 r-xp 00000000 08:06 1328075                    /lib/x86_64-linux-gnu/libnss_compat-2.23.so
7fa302cf7000-7fa302ef6000 ---p 00008000 08:06 1328075                    /lib/x86_64-linux-gnu/libnss_compat-2.23.so
7fa302ef6000-7fa302ef7000 r--p 00007000 08:06 1328075                    /lib/x86_64-linux-gnu/libnss_compat-2.23.so
7fa302ef7000-7fa302ef8000 rw-p 00008000 08:06 1328075                    /lib/x86_64-linux-gnu/libnss_compat-2.23.so
7fa302ef8000-7fa302f25000 r-xp 00000000 08:06 2625227                    /usr/lib/jvm/java-8-openjdk-amd64/jre/lib/amd64/libjava.so
7fa302f25000-7fa303124000 ---p 0002d000 08:06 2625227                    /usr/lib/jvm/java-8-openjdk-amd64/jre/lib/amd64/libjava.so
7fa303124000-7fa303125000 r--p 0002c000 08:06 2625227                    /usr/lib/jvm/java-8-openjdk-amd64/jre/lib/amd64/libjava.so
7fa303125000-7fa303127000 rw-p 0002d000 08:06 2625227                    /usr/lib/jvm/java-8-openjdk-amd64/jre/lib/amd64/libjava.so
7fa303127000-7fa303136000 r-xp 00000000 08:06 2625231                    /usr/lib/jvm/java-8-openjdk-amd64/jre/lib/amd64/libverify.so
7fa303136000-7fa303335000 ---p 0000f000 08:06 2625231                    /usr/lib/jvm/java-8-openjdk-amd64/jre/lib/amd64/libverify.so
7fa303335000-7fa303337000 r--p 0000e000 08:06 2625231                    /usr/lib/jvm/java-8-openjdk-amd64/jre/lib/amd64/libverify.so
7fa303337000-7fa303338000 rw-p 00010000 08:06 2625231                    /usr/lib/jvm/java-8-openjdk-amd64/jre/lib/amd64/libverify.so
7fa303338000-7fa30333f000 r-xp 00000000 08:06 1328091                    /lib/x86_64-linux-gnu/librt-2.23.so
7fa30333f000-7fa30353e000 ---p 00007000 08:06 1328091                    /lib/x86_64-linux-gnu/librt-2.23.so
7fa30353e000-7fa30353f000 r--p 00006000 08:06 1328091                    /lib/x86_64-linux-gnu/librt-2.23.so
7fa30353f000-7fa303540000 rw-p 00007000 08:06 1328091                    /lib/x86_64-linux-gnu/librt-2.23.so
7fa303540000-7fa303556000 r-xp 00000000 08:06 1314845                    /lib/x86_64-linux-gnu/libgcc_s.so.1
7fa303556000-7fa303755000 ---p 00016000 08:06 1314845                    /lib/x86_64-linux-gnu/libgcc_s.so.1
7fa303755000-7fa303756000 rw-p 00015000 08:06 1314845                    /lib/x86_64-linux-gnu/libgcc_s.so.1
7fa303756000-7fa30385e000 r-xp 00000000 08:06 1328088                    /lib/x86_64-linux-gnu/libm-2.23.so
7fa30385e000-7fa303a5d000 ---p 00108000 08:06 1328088                    /lib/x86_64-linux-gnu/libm-2.23.so
7fa303a5d000-7fa303a5e000 r--p 00107000 08:06 1328088                    /lib/x86_64-linux-gnu/libm-2.23.so
7fa303a5e000-7fa303a5f000 rw-p 00108000 08:06 1328088                    /lib/x86_64-linux-gnu/libm-2.23.so
7fa303a5f000-7fa303bd1000 r-xp 00000000 08:06 528093                     /usr/lib/x86_64-linux-gnu/libstdc++.so.6.0.21
7fa303bd1000-7fa303dd1000 ---p 00172000 08:06 528093                     /usr/lib/x86_64-linux-gnu/libstdc++.so.6.0.21
7fa303dd1000-7fa303ddb000 r--p 00172000 08:06 528093                     /usr/lib/x86_64-linux-gnu/libstdc++.so.6.0.21
7fa303ddb000-7fa303ddd000 rw-p 0017c000 08:06 528093                     /usr/lib/x86_64-linux-gnu/libstdc++.so.6.0.21
7fa303ddd000-7fa303de1000 rw-p 00000000 00:00 0 
7fa303de1000-7fa304a30000 r-xp 00000000 08:06 2625234                    /usr/lib/jvm/java-8-openjdk-amd64/jre/lib/amd64/server/libjvm.so
7fa304a30000-7fa304c2f000 ---p 00c4f000 08:06 2625234                    /usr/lib/jvm/java-8-openjdk-amd64/jre/lib/amd64/server/libjvm.so
7fa304c2f000-7fa304cc2000 r--p 00c4e000 08:06 2625234                    /usr/lib/jvm/java-8-openjdk-amd64/jre/lib/amd64/server/libjvm.so
7fa304cc2000-7fa304ceb000 rw-p 00ce1000 08:06 2625234                    /usr/lib/jvm/java-8-openjdk-amd64/jre/lib/amd64/server/libjvm.so
7fa304ceb000-7fa304d1b000 rw-p 00000000 00:00 0 
7fa304d1b000-7fa304d33000 r-xp 00000000 08:06 1328095                    /lib/x86_64-linux-gnu/libpthread-2.23.so
7fa304d33000-7fa304f32000 ---p 00018000 08:06 1328095                    /lib/x86_64-linux-gnu/libpthread-2.23.so
7fa304f32000-7fa304f33000 r--p 00017000 08:06 1328095                    /lib/x86_64-linux-gnu/libpthread-2.23.so
7fa304f33000-7fa304f34000 rw-p 00018000 08:06 1328095                    /lib/x86_64-linux-gnu/libpthread-2.23.so
7fa304f34000-7fa304f38000 rw-p 00000000 00:00 0 
7fa304f38000-7fa304f3b000 r-xp 00000000 08:06 1328097                    /lib/x86_64-linux-gnu/libdl-2.23.so
7fa304f3b000-7fa30513a000 ---p 00003000 08:06 1328097                    /lib/x86_64-linux-gnu/libdl-2.23.so
7fa30513a000-7fa30513b000 r--p 00002000 08:06 1328097                    /lib/x86_64-linux-gnu/libdl-2.23.so
7fa30513b000-7fa30513c000 rw-p 00003000 08:06 1328097                    /lib/x86_64-linux-gnu/libdl-2.23.so
7fa30513c000-7fa305155000 r-xp 00000000 08:06 1315549                    /lib/x86_64-linux-gnu/libz.so.1.2.8
7fa305155000-7fa305354000 ---p 00019000 08:06 1315549                    /lib/x86_64-linux-gnu/libz.so.1.2.8
7fa305354000-7fa305355000 r--p 00018000 08:06 1315549                    /lib/x86_64-linux-gnu/libz.so.1.2.8
7fa305355000-7fa305356000 rw-p 00019000 08:06 1315549                    /lib/x86_64-linux-gnu/libz.so.1.2.8
7fa305356000-7fa305515000 r-xp 00000000 08:06 1328096                    /lib/x86_64-linux-gnu/libc-2.23.so
7fa305515000-7fa305715000 ---p 001bf000 08:06 1328096                    /lib/x86_64-linux-gnu/libc-2.23.so
7fa305715000-7fa305719000 r--p 001bf000 08:06 1328096                    /lib/x86_64-linux-gnu/libc-2.23.so
7fa305719000-7fa30571b000 rw-p 001c3000 08:06 1328096                    /lib/x86_64-linux-gnu/libc-2.23.so
7fa30571b000-7fa30571f000 rw-p 00000000 00:00 0 
7fa30571f000-7fa30572c000 r-xp 00000000 08:06 2625230                    /usr/lib/jvm/java-8-openjdk-amd64/jre/lib/amd64/jli/libjli.so
7fa30572c000-7fa30592c000 ---p 0000d000 08:06 2625230                    /usr/lib/jvm/java-8-openjdk-amd64/jre/lib/amd64/jli/libjli.so
7fa30592c000-7fa30592d000 r--p 0000d000 08:06 2625230                    /usr/lib/jvm/java-8-openjdk-amd64/jre/lib/amd64/jli/libjli.so
7fa30592d000-7fa30592e000 rw-p 0000e000 08:06 2625230                    /usr/lib/jvm/java-8-openjdk-amd64/jre/lib/amd64/jli/libjli.so
7fa30592e000-7fa305954000 r-xp 00000000 08:06 1328092                    /lib/x86_64-linux-gnu/ld-2.23.so
7fa305954000-7fa305967000 r--s 00346000 08:06 2625283                    /usr/lib/jvm/java-8-openjdk-amd64/jre/lib/resources.jar
7fa305967000-7fa30596c000 r--s 002f9000 08:06 2625308                    /usr/lib/jvm/java-8-openjdk-amd64/jre/lib/charsets.jar
7fa30596c000-7fa305a10000 rw-p 00000000 00:00 0 
7fa305a10000-7fa305a13000 ---p 00000000 00:00 0 
7fa305a13000-7fa305b16000 rw-p 00000000 00:00 0 
7fa305b18000-7fa305b1b000 r--s 0000f000 08:06 2625275                    /usr/lib/jvm/java-8-openjdk-amd64/jre/lib/ext/icedtea-sound.jar
7fa305b1b000-7fa305b20000 r--s 0003b000 08:06 2625269                    /usr/lib/jvm/java-8-openjdk-amd64/jre/lib/ext/sunjce_provider.jar
7fa305b20000-7fa305b21000 r--s 00010000 08:06 2625274                    /usr/lib/jvm/java-8-openjdk-amd64/jre/lib/ext/zipfs.jar
7fa305b21000-7fa305b25000 r--s 00037000 08:06 2625270                    /usr/lib/jvm/java-8-openjdk-amd64/jre/lib/ext/sunpkcs11.jar
7fa305b25000-7fa305b27000 r--s 00008000 08:06 2625272                    /usr/lib/jvm/java-8-openjdk-amd64/jre/lib/ext/sunec.jar
7fa305b27000-7fa305b29000 r--s 00001000 08:06 2625276                    /usr/lib/jvm/java-8-openjdk-amd64/jre/lib/ext/dnsns.jar
7fa305b29000-7fa305b2a000 r--s 0000a000 08:06 2625271                    /usr/lib/jvm/java-8-openjdk-amd64/jre/lib/ext/jaccess.jar
7fa305b2a000-7fa305b34000 r--s 00116000 08:06 2625273                    /usr/lib/jvm/java-8-openjdk-amd64/jre/lib/ext/localedata.jar
7fa305b34000-7fa305b47000 rw-p 00000000 00:00 0 
7fa305b47000-7fa305b4f000 rw-s 00000000 08:06 263391                     /tmp/hsperfdata_pcaragones/7144
7fa305b4f000-7fa305b50000 rw-p 00000000 00:00 0 
7fa305b50000-7fa305b51000 r--p 00000000 00:00 0 
7fa305b51000-7fa305b53000 rw-p 00000000 00:00 0 
7fa305b53000-7fa305b54000 r--p 00025000 08:06 1328092                    /lib/x86_64-linux-gnu/ld-2.23.so
7fa305b54000-7fa305b55000 rw-p 00026000 08:06 1328092                    /lib/x86_64-linux-gnu/ld-2.23.so
7fa305b55000-7fa305b56000 rw-p 00000000 00:00 0 
7ffce1d09000-7ffce1d2a000 rw-p 00000000 00:00 0                          [stack]
7ffce1d9a000-7ffce1d9c000 r--p 00000000 00:00 0                          [vvar]
7ffce1d9c000-7ffce1d9e000 r-xp 00000000 00:00 0                          [vdso]
ffffffffff600000-ffffffffff601000 r-xp 00000000 00:00 0                  [vsyscall]

VM Arguments:
jvm_args: -Dfile.encoding=UTF-8 
java_command: com.miles.epik.window.Game
java_class_path (initial): /home/pcaragones/Desktop/prince/Bounce-Battle/Epik/bin
Launcher Type: SUN_STANDARD

Environment Variables:
PATH=/usr/local/sbin:/usr/local/bin:/usr/sbin:/usr/bin:/sbin:/bin:/usr/games:/usr/local/games:/snap/bin
SHELL=/bin/bash
DISPLAY=:0

Signal Handlers:
SIGSEGV: [libjvm.so+0xa65880], sa_mask[0]=11111111011111111101111111111110, sa_flags=SA_RESTART|SA_SIGINFO
SIGBUS: [libjvm.so+0xa65880], sa_mask[0]=11111111011111111101111111111110, sa_flags=SA_RESTART|SA_SIGINFO
SIGFPE: [libjvm.so+0x8af1c0], sa_mask[0]=11111111011111111101111111111110, sa_flags=SA_RESTART|SA_SIGINFO
SIGPIPE: [libjvm.so+0x8af1c0], sa_mask[0]=11111111011111111101111111111110, sa_flags=SA_RESTART|SA_SIGINFO
SIGXFSZ: [libjvm.so+0x8af1c0], sa_mask[0]=11111111011111111101111111111110, sa_flags=SA_RESTART|SA_SIGINFO
SIGILL: [libjvm.so+0x8af1c0], sa_mask[0]=11111111011111111101111111111110, sa_flags=SA_RESTART|SA_SIGINFO
SIGUSR1: SIG_DFL, sa_mask[0]=00000000000000000000000000000000, sa_flags=none
SIGUSR2: [libjvm.so+0x8af070], sa_mask[0]=00100000000000000000000000000000, sa_flags=SA_RESTART|SA_SIGINFO
SIGHUP: [libjvm.so+0x8af540], sa_mask[0]=11111111011111111101111111111110, sa_flags=SA_RESTART|SA_SIGINFO
SIGINT: [libjvm.so+0x8af540], sa_mask[0]=11111111011111111101111111111110, sa_flags=SA_RESTART|SA_SIGINFO
SIGTERM: [libjvm.so+0x8af540], sa_mask[0]=11111111011111111101111111111110, sa_flags=SA_RESTART|SA_SIGINFO
SIGQUIT: [libjvm.so+0x8af540], sa_mask[0]=11111111011111111101111111111110, sa_flags=SA_RESTART|SA_SIGINFO


---------------  S Y S T E M  ---------------

OS:DISTRIB_ID=Ubuntu
DISTRIB_RELEASE=16.04
DISTRIB_CODENAME=xenial
DISTRIB_DESCRIPTION="Ubuntu 16.04.1 LTS"

uname:Linux 4.4.0-47-generic #68-Ubuntu SMP Wed Oct 26 19:39:52 UTC 2016 x86_64
libc:glibc 2.23 NPTL 2.23 
rlimit: STACK 8192k, CORE 0k, NPROC 15233, NOFILE 65536, AS infinity
load average:26.17 10.74 6.93

/proc/meminfo:
MemTotal:        3940160 kB
MemFree:         1698816 kB
MemAvailable:    1870784 kB
Buffers:           25304 kB
Cached:           597892 kB
SwapCached:        23424 kB
Active:          1414412 kB
Inactive:         660496 kB
Active(anon):    1216780 kB
Inactive(anon):   502200 kB
Active(file):     197632 kB
Inactive(file):   158296 kB
Unevictable:          48 kB
Mlocked:              48 kB
SwapTotal:       4085756 kB
SwapFree:        3692532 kB
Dirty:              8668 kB
Writeback:           204 kB
AnonPages:       1440548 kB
Mapped:           152876 kB
Shmem:            267212 kB
Slab:              82448 kB
SReclaimable:      43712 kB
SUnreclaim:        38736 kB
KernelStack:       11216 kB
PageTables:        18068 kB
NFS_Unstable:          0 kB
Bounce:                0 kB
WritebackTmp:          0 kB
CommitLimit:     6055836 kB
Committed_AS:    4070688 kB
VmallocTotal:   34359738367 kB
VmallocUsed:           0 kB
VmallocChunk:          0 kB
HardwareCorrupted:     0 kB
AnonHugePages:   1105920 kB
CmaTotal:              0 kB
CmaFree:               0 kB
HugePages_Total:       0
HugePages_Free:        0
HugePages_Rsvd:        0
HugePages_Surp:        0
Hugepagesize:       2048 kB
DirectMap4k:      185088 kB
DirectMap2M:     3903488 kB
DirectMap1G:     1048576 kB


CPU:total 4 (2 cores per cpu, 2 threads per core) family 6 model 69 stepping 1, cmov, cx8, fxsr, mmx, sse, sse2, sse3, ssse3, sse4.1, sse4.2, popcnt, avx, avx2, aes, clmul, erms, lzcnt, ht, tsc, tscinvbit, bmi1, bmi2

/proc/cpuinfo:
processor	: 0
vendor_id	: GenuineIntel
cpu family	: 6
model		: 69
model name	: Intel(R) Core(TM) i5-4210U CPU @ 1.70GHz
stepping	: 1
microcode	: 0x17
cpu MHz		: 1399.312
cache size	: 3072 KB
physical id	: 0
siblings	: 4
core id		: 0
cpu cores	: 2
apicid		: 0
initial apicid	: 0
fpu		: yes
fpu_exception	: yes
cpuid level	: 13
wp		: yes
flags		: fpu vme de pse tsc msr pae mce cx8 apic sep mtrr pge mca cmov pat pse36 clflush dts acpi mmx fxsr sse sse2 ss ht tm pbe syscall nx pdpe1gb rdtscp lm constant_tsc arch_perfmon pebs bts rep_good nopl xtopology nonstop_tsc aperfmperf eagerfpu pni pclmulqdq dtes64 monitor ds_cpl vmx est tm2 ssse3 sdbg fma cx16 xtpr pdcm pcid sse4_1 sse4_2 movbe popcnt tsc_deadline_timer aes xsave avx f16c rdrand lahf_lm abm epb tpr_shadow vnmi flexpriority ept vpid fsgsbase tsc_adjust bmi1 avx2 smep bmi2 erms invpcid xsaveopt dtherm ida arat pln pts
bugs		:
bogomips	: 4788.84
clflush size	: 64
cache_alignment	: 64
address sizes	: 39 bits physical, 48 bits virtual
power management:

processor	: 1
vendor_id	: GenuineIntel
cpu family	: 6
model		: 69
model name	: Intel(R) Core(TM) i5-4210U CPU @ 1.70GHz
stepping	: 1
microcode	: 0x17
cpu MHz		: 1681.125
cache size	: 3072 KB
physical id	: 0
siblings	: 4
core id		: 0
cpu cores	: 2
apicid		: 1
initial apicid	: 1
fpu		: yes
fpu_exception	: yes
cpuid level	: 13
wp		: yes
flags		: fpu vme de pse tsc msr pae mce cx8 apic sep mtrr pge mca cmov pat pse36 clflush dts acpi mmx fxsr sse sse2 ss ht tm pbe syscall nx pdpe1gb rdtscp lm constant_tsc arch_perfmon pebs bts rep_good nopl xtopology nonstop_tsc aperfmperf eagerfpu pni pclmulqdq dtes64 monitor ds_cpl vmx est tm2 ssse3 sdbg fma cx16 xtpr pdcm pcid sse4_1 sse4_2 movbe popcnt tsc_deadline_timer aes xsave avx f16c rdrand lahf_lm abm epb tpr_shadow vnmi flexpriority ept vpid fsgsbase tsc_adjust bmi1 avx2 smep bmi2 erms invpcid xsaveopt dtherm ida arat pln pts
bugs		:
bogomips	: 4788.84
clflush size	: 64
cache_alignment	: 64
address sizes	: 39 bits physical, 48 bits virtual
power management:

processor	: 2
vendor_id	: GenuineIntel
cpu family	: 6
model		: 69
model name	: Intel(R) Core(TM) i5-4210U CPU @ 1.70GHz
stepping	: 1
microcode	: 0x17
cpu MHz		: 1450.687
cache size	: 3072 KB
physical id	: 0
siblings	: 4
core id		: 1
cpu cores	: 2
apicid		: 2
initial apicid	: 2
fpu		: yes
fpu_exception	: yes
cpuid level	: 13
wp		: yes
flags		: fpu vme de pse tsc msr pae mce cx8 apic sep mtrr pge mca cmov pat pse36 clflush dts acpi mmx fxsr sse sse2 ss ht tm pbe syscall nx pdpe1gb rdtscp lm constant_tsc arch_perfmon pebs bts rep_good nopl xtopology nonstop_tsc aperfmperf eagerfpu pni pclmulqdq dtes64 monitor ds_cpl vmx est tm2 ssse3 sdbg fma cx16 xtpr pdcm pcid sse4_1 sse4_2 movbe popcnt tsc_deadline_timer aes xsave avx f16c rdrand lahf_lm abm epb tpr_shadow vnmi flexpriority ept vpid fsgsbase tsc_adjust bmi1 avx2 smep bmi2 erms invpcid xsaveopt dtherm ida arat pln pts
bugs		:
bogomips	: 4788.84
clflush size	: 64
cache_alignment	: 64
address sizes	: 39 bits physical, 48 bits virtual
power management:

processor	: 3
vendor_id	: GenuineIntel
cpu family	: 6
model		: 69
model name	: Intel(R) Core(TM) i5-4210U CPU @ 1.70GHz
stepping	: 1
microcode	: 0x17
cpu MHz		: 1664.062
cache size	: 3072 KB
physical id	: 0
siblings	: 4
core id		: 1
cpu cores	: 2
apicid		: 3
initial apicid	: 3
fpu		: yes
fpu_exception	: yes
cpuid level	: 13
wp		: yes
flags		: fpu vme de pse tsc msr pae mce cx8 apic sep mtrr pge mca cmov pat pse36 clflush dts acpi mmx fxsr sse sse2 ss ht tm pbe syscall nx pdpe1gb rdtscp lm constant_tsc arch_perfmon pebs bts rep_good nopl xtopology nonstop_tsc aperfmperf eagerfpu pni pclmulqdq dtes64 monitor ds_cpl vmx est tm2 ssse3 sdbg fma cx16 xtpr pdcm pcid sse4_1 sse4_2 movbe popcnt tsc_deadline_timer aes xsave avx f16c rdrand lahf_lm abm epb tpr_shadow vnmi flexpriority ept vpid fsgsbase tsc_adjust bmi1 avx2 smep bmi2 erms invpcid xsaveopt dtherm ida arat pln pts
bugs		:
bogomips	: 4788.84
clflush size	: 64
cache_alignment	: 64
address sizes	: 39 bits physical, 48 bits virtual
power management:



Memory: 4k page, physical 3940160k(1698816k free), swap 4085756k(3692532k free)

vm_info: OpenJDK 64-Bit Server VM (25.111-b14) for linux-amd64 JRE (1.8.0_111-8u111-b14-2ubuntu0.16.04.2-b14), built on Oct 27 2016 18:10:19 by "buildd" with gcc 5.4.0 20160609

time: Wed Nov 16 12:34:39 2016
elapsed time: 585 seconds (0d 0h 9m 45s)

