#
# A fatal error has been detected by the Java Runtime Environment:
#
#  SIGSEGV (0xb) at pc=0x00007f0e7cc4e7ba, pid=4933, tid=0x00007f0e5d803700
#
# JRE version: OpenJDK Runtime Environment (8.0_111-b14) (build 1.8.0_111-8u111-b14-2ubuntu0.16.04.2-b14)
# Java VM: OpenJDK 64-Bit Server VM (25.111-b14 mixed mode linux-amd64 compressed oops)
# Problematic frame:
# v  ~BufferBlob::jni_fast_GetLongField
#
# Failed to write core dump. Core dumps have been disabled. To enable core dumping, try "ulimit -c unlimited" before starting Java again
#
# If you would like to submit a bug report, please visit:
#   http://bugreport.java.com/bugreport/crash.jsp
# The crash happened outside the Java Virtual Machine in native code.
# See problematic frame for where to report the bug.
#

---------------  T H R E A D  ---------------

Current thread (0x00007f0e8c22d800):  JavaThread "AWT-XAWT" daemon [_thread_in_native, id=4954, stack(0x00007f0e5d703000,0x00007f0e5d804000)]

siginfo: si_signo: 11 (SIGSEGV), si_code: 1 (SEGV_MAPERR), si_addr: 0x0000000000000000

Registers:
RAX=0x00007f0e924e3fe0, RBX=0x00007f0e8c22d9e0, RCX=0x0000000000000000, RDX=0x0000000000000042
RSP=0x00007f0e5d802838, RBP=0x00007f0e5d802860, RSI=0x0000000000000000, RDI=0x00007f0e8c22d9e0
R8 =0x00000000ebfe8e38, R9 =0x0000000000000000, R10=0x0000000000000014, R11=0x00007f0e7ce2e818
R12=0x00007f0e3000a8a0, R13=0x0000000000000000, R14=0x00007f0e5f829b00, R15=0x00007f0e8c22d800
RIP=0x00007f0e7cc4e7ba, EFLAGS=0x0000000000010246, CSGSFS=0x0000000000000033, ERR=0x0000000000000004
  TRAPNO=0x000000000000000e

Top of Stack: (sp=0x00007f0e5d802838)
0x00007f0e5d802838:   00007f0e5f606f74 00007f0e75beea88
0x00007f0e5d802848:   00007f0e3000a8a0 00007f0e5d802910
0x00007f0e5d802858:   00007f0e5d8028e0 0000000000000000
0x00007f0e5d802868:   00007f0e5f0e93c0 00007f0e75beea88
0x00007f0e5d802878:   00007f0e5d8028a0 0000000000000000
0x00007f0e5d802888:   00007f0e5f0e0f93 00007f0e5d802910
0x00007f0e5d802898:   00007f0e5f5fecef 00007f0e5d8028f0
0x00007f0e5d8028a8:   00007f0e7ce2e8b6 0000000000000000
0x00007f0e5d8028b8:   00007f0e7cde0576 00007f0e5d802910
0x00007f0e5d8028c8:   00007f0e7cd51b2c 00007f0e5d802970
0x00007f0e5d8028d8:   00000000ec204c80 00000000ec1c1ac0
0x00007f0e5d8028e8:   0000000000000001 00007f0e5d802970
0x00007f0e5d8028f8:   00007f0e7cbec7d0 00007f0e5d802970
0x00007f0e5d802908:   00007f0e7cbec7d0 0000000000000000
0x00007f0e5d802918:   00007f0e7cbecb10 00007f0e34000e30
0x00007f0e5d802928:   00000000ec24abf0 00007f0e5d802930
0x00007f0e5d802938:   00007f0e75cfffbc 00007f0e5d8029b8
0x00007f0e5d802948:   00007f0e75d09428 0000000000000000
0x00007f0e5d802958:   00007f0e75d000f8 00007f0e5d802910
0x00007f0e5d802968:   00007f0e5d8029b0 00007f0e5d802a00
0x00007f0e5d802978:   00007f0e7cbecffd 0000000000000000
0x00007f0e5d802988:   00000000ec520fe8 00000000ec51eac8
0x00007f0e5d802998:   0000000000000000 0000000000000000
0x00007f0e5d8029a8:   00000000ec24abf0 0000000000000000
0x00007f0e5d8029b8:   00000000ec205820 00007f0e5d8029c0
0x00007f0e5d8029c8:   00007f0e75cffdfd 00007f0e5d802a10
0x00007f0e5d8029d8:   00007f0e75d09428 0000000000000000
0x00007f0e5d8029e8:   00007f0e75cffe08 00007f0e5d8029b0
0x00007f0e5d8029f8:   00007f0e5d802a10 00007f0e5d802a58
0x00007f0e5d802a08:   00007f0e7cbed042 00000000ec205820
0x00007f0e5d802a18:   00007f0e5d802a18 00007f0e7583c94b
0x00007f0e5d802a28:   00007f0e5d802a68 00007f0e758c3fd0 

Instructions: (pc=0x00007f0e7cc4e7ba)
0x00007f0e7cc4e79a:   00 00 00 00 00 00 44 8b 15 8d 23 8c 15 4c 8b ce
0x00007f0e7cc4e7aa:   41 f6 c2 01 0f 85 2e 00 00 00 4d 33 ca 4d 33 ca
0x00007f0e7cc4e7ba:   4d 8b 09 4c 8b da 49 c1 eb 02 4b 8b 04 19 49 bb
0x00007f0e7cc4e7ca:   34 0b 51 92 0e 7f 00 00 4c 33 d8 4c 33 d8 45 3b 

Register to memory mapping:

RAX=0x00007f0e924e3fe0: <offset 0xef0fe0> in /usr/lib/jvm/java-8-openjdk-amd64/jre/lib/amd64/server/libjvm.so at 0x00007f0e915f3000
RBX=0x00007f0e8c22d9e0 is an unknown value
RCX=0x0000000000000000 is an unknown value
RDX=0x0000000000000042 is an unknown value
RSP=0x00007f0e5d802838 is pointing into the stack for thread: 0x00007f0e8c22d800
RBP=0x00007f0e5d802860 is pointing into the stack for thread: 0x00007f0e8c22d800
RSI=0x0000000000000000 is an unknown value
RDI=0x00007f0e8c22d9e0 is an unknown value
R8 =0x00000000ebfe8e38 is an oop
sun.util.logging.PlatformLogger$Level 
 - klass: 'sun/util/logging/PlatformLogger$Level'
R9 =0x0000000000000000 is an unknown value
R10=0x0000000000000014 is an unknown value
R11=0x00007f0e7ce2e818 is at entry_point+24 in (nmethod*)0x00007f0e7ce2e690
R12=0x00007f0e3000a8a0 is an unknown value
R13=0x0000000000000000 is an unknown value
R14=0x00007f0e5f829b00: <offset 0x258b00> in /usr/lib/jvm/java-8-openjdk-amd64/jre/lib/amd64/libawt_xawt.so at 0x00007f0e5f5d1000
R15=0x00007f0e8c22d800 is a thread


Stack: [0x00007f0e5d703000,0x00007f0e5d804000],  sp=0x00007f0e5d802838,  free space=1022k
Native frames: (J=compiled Java code, j=interpreted, Vv=VM code, C=native code)
v  ~BufferBlob::jni_fast_GetLongField
C  [libX11.so.6+0x643c0]  _XimServerDestroy+0x70

Java frames: (J=compiled Java code, j=interpreted, Vv=VM code)
J 624  sun.awt.X11.XlibWrapper.XFilterEvent(JJ)Z (0 bytes) @ 0x00007f0e7ce2e844 [0x00007f0e7ce2e800+0x44]
j  sun.awt.X11.XToolkit.run(Z)V+300
j  sun.awt.X11.XToolkit.run()V+5
j  java.lang.Thread.run()V+11
v  ~StubRoutines::call_stub

---------------  P R O C E S S  ---------------

Java Threads: ( => current thread )
  0x00007f0e8c263800 JavaThread "DestroyJavaVM" [_thread_blocked, id=4939, stack(0x00007f0e93222000,0x00007f0e93323000)]
  0x00007f0e30014800 JavaThread "TimerQueue" daemon [_thread_blocked, id=4959, stack(0x00007f0e5c9d3000,0x00007f0e5cad4000)]
  0x00007f0e8c2a4800 JavaThread "AWT-EventQueue-0" [_thread_blocked, id=4957, stack(0x00007f0e5ccd4000,0x00007f0e5cdd5000)]
  0x00007f0e8c2a3000 JavaThread "AWT-Shutdown" [_thread_blocked, id=4956, stack(0x00007f0e5cdd5000,0x00007f0e5ced6000)]
=>0x00007f0e8c22d800 JavaThread "AWT-XAWT" daemon [_thread_in_native, id=4954, stack(0x00007f0e5d703000,0x00007f0e5d804000)]
  0x00007f0e8c207000 JavaThread "Java2D Disposer" daemon [_thread_blocked, id=4953, stack(0x00007f0e5dc14000,0x00007f0e5dd15000)]
  0x00007f0e8c0b8800 JavaThread "Service Thread" daemon [_thread_blocked, id=4951, stack(0x00007f0e5fbfc000,0x00007f0e5fcfd000)]
  0x00007f0e8c0b1800 JavaThread "C1 CompilerThread2" daemon [_thread_blocked, id=4950, stack(0x00007f0e5fcfd000,0x00007f0e5fdfe000)]
  0x00007f0e8c0af800 JavaThread "C2 CompilerThread1" daemon [_thread_blocked, id=4949, stack(0x00007f0e5fdfe000,0x00007f0e5feff000)]
  0x00007f0e8c0ac800 JavaThread "C2 CompilerThread0" daemon [_thread_blocked, id=4948, stack(0x00007f0e5feff000,0x00007f0e60000000)]
  0x00007f0e8c0aa800 JavaThread "Signal Dispatcher" daemon [_thread_in_Java, id=4947, stack(0x00007f0e74056000,0x00007f0e74157000)]
  0x00007f0e8c083800 JavaThread "Finalizer" daemon [_thread_blocked, id=4946, stack(0x00007f0e7442f000,0x00007f0e74530000)]
  0x00007f0e8c07f000 JavaThread "Reference Handler" daemon [_thread_blocked, id=4945, stack(0x00007f0e74530000,0x00007f0e74631000)]

Other Threads:
  0x00007f0e8c077000 VMThread [stack: 0x00007f0e74631000,0x00007f0e74732000] [id=4944]
  0x00007f0e8c0bb000 WatcherThread [stack: 0x00007f0e5fafb000,0x00007f0e5fbfc000] [id=4952]

VM state:not at safepoint (normal execution)

VM Mutex/Monitor currently owned by a thread: None

Heap:
 PSYoungGen      total 18432K, used 7311K [0x00000000ebf80000, 0x00000000ed400000, 0x0000000100000000)
  eden space 15872K, 46% used [0x00000000ebf80000,0x00000000ec6a3ed8,0x00000000ecf00000)
  from space 2560K, 0% used [0x00000000ed180000,0x00000000ed180000,0x00000000ed400000)
  to   space 2560K, 0% used [0x00000000ecf00000,0x00000000ecf00000,0x00000000ed180000)
 ParOldGen       total 42496K, used 0K [0x00000000c3e00000, 0x00000000c6780000, 0x00000000ebf80000)
  object space 42496K, 0% used [0x00000000c3e00000,0x00000000c3e00000,0x00000000c6780000)
 Metaspace       used 11995K, capacity 12170K, committed 12544K, reserved 1060864K
  class space    used 1430K, capacity 1513K, committed 1536K, reserved 1048576K

Card table byte_map: [0x00007f0e7c643000,0x00007f0e7c825000] byte_map_base: 0x00007f0e7c024000

Marking Bits: (ParMarkBitMap*) 0x00007f0e92510220
 Begin Bits: [0x00007f0e761f0000, 0x00007f0e770f8000)
 End Bits:   [0x00007f0e770f8000, 0x00007f0e78000000)

Polling page: 0x00007f0e93362000

CodeCache: size=245760Kb used=2513Kb max_used=2524Kb free=243246Kb
 bounds [0x00007f0e7cbe5000, 0x00007f0e7ce65000, 0x00007f0e8bbe5000]
 total_blobs=1202 nmethods=649 adapters=468
 compilation: enabled

Compilation events (10 events):
Event: 1014.433 Thread 0x00007f0e8c0b1800  645       3       sun.awt.X11.XMSelection$1::dispatchEvent (10 bytes)
Event: 1014.433 Thread 0x00007f0e8c0b1800 nmethod 645 0x00007f0e7ce5a4d0 code [0x00007f0e7ce5a680, 0x00007f0e7ce5aad8]
Event: 1014.433 Thread 0x00007f0e8c0b1800  646       3       sun.awt.X11.XMSelection::processRootEvent (32 bytes)
Event: 1014.434 Thread 0x00007f0e8c0b1800 nmethod 646 0x00007f0e7ce59cd0 code [0x00007f0e7ce59e80, 0x00007f0e7ce5a258]
Event: 1436.737 Thread 0x00007f0e8c0af800  647       4       java.lang.Long::valueOf (36 bytes)
Event: 1436.739 Thread 0x00007f0e8c0af800 nmethod 647 0x00007f0e7ce58450 code [0x00007f0e7ce585a0, 0x00007f0e7ce586d8]
Event: 1791.208 Thread 0x00007f0e8c0af800  648   !   4       sun.awt.X11.XToolkit::callTimeoutTasks (220 bytes)
Event: 1791.210 Thread 0x00007f0e8c0af800 nmethod 648 0x00007f0e7ce5c090 code [0x00007f0e7ce5c200, 0x00007f0e7ce5c358]
Event: 2172.217 Thread 0x00007f0e8c0ac800  649   !   4       sun.awt.X11.XToolkit::getNextTaskTime (55 bytes)
Event: 2172.249 Thread 0x00007f0e8c0ac800 nmethod 649 0x00007f0e7ce5b850 code [0x00007f0e7ce5b9e0, 0x00007f0e7ce5bc90]

GC Heap History (0 events):
No events

Deoptimization events (4 events):
Event: 2.275 Thread 0x00007f0e8c2a4800 Uncommon trap: reason=class_check action=maybe_recompile pc=0x00007f0e7cd252f0 method=java.lang.String.equals(Ljava/lang/Object;)Z @ 8
Event: 2.275 Thread 0x00007f0e8c2a4800 Uncommon trap: reason=class_check action=maybe_recompile pc=0x00007f0e7cd252f0 method=java.lang.String.equals(Ljava/lang/Object;)Z @ 8
Event: 2.394 Thread 0x00007f0e8c2a4800 Uncommon trap: reason=class_check action=maybe_recompile pc=0x00007f0e7cd252f0 method=java.lang.String.equals(Ljava/lang/Object;)Z @ 8
Event: 2.394 Thread 0x00007f0e8c2a4800 Uncommon trap: reason=class_check action=maybe_recompile pc=0x00007f0e7cd252f0 method=java.lang.String.equals(Ljava/lang/Object;)Z @ 8

Internal exceptions (10 events):
Event: 0.145 Thread 0x00007f0e8c00a000 Exception <a 'java/security/PrivilegedActionException'> (0x00000000ec001208) thrown at [/build/openjdk-8-8jAw7G/openjdk-8-8u111-b14/src/hotspot/src/share/vm/prims/jvm.cpp, line 1386]
Event: 0.145 Thread 0x00007f0e8c00a000 Exception <a 'java/security/PrivilegedActionException'> (0x00000000ec001cd8) thrown at [/build/openjdk-8-8jAw7G/openjdk-8-8u111-b14/src/hotspot/src/share/vm/prims/jvm.cpp, line 1386]
Event: 0.145 Thread 0x00007f0e8c00a000 Exception <a 'java/security/PrivilegedActionException'> (0x00000000ec001ee8) thrown at [/build/openjdk-8-8jAw7G/openjdk-8-8u111-b14/src/hotspot/src/share/vm/prims/jvm.cpp, line 1386]
Event: 0.215 Thread 0x00007f0e8c00a000 Exception <a 'java/lang/NoSuchFieldError': method resolution failed> (0x00000000ec122748) thrown at [/build/openjdk-8-8jAw7G/openjdk-8-8u111-b14/src/hotspot/src/share/vm/prims/methodHandles.cpp, line 1146]
Event: 0.230 Thread 0x00007f0e8c00a000 Exception <a 'java/lang/NoSuchFieldError': method resolution failed> (0x00000000ec12ff48) thrown at [/build/openjdk-8-8jAw7G/openjdk-8-8u111-b14/src/hotspot/src/share/vm/prims/methodHandles.cpp, line 1146]
Event: 0.271 Thread 0x00007f0e8c00a000 Exception <a 'java/io/FileNotFoundException'> (0x00000000ec1aec88) thrown at [/build/openjdk-8-8jAw7G/openjdk-8-8u111-b14/src/hotspot/src/share/vm/prims/jni.cpp, line 709]
Event: 0.272 Thread 0x00007f0e8c00a000 Exception <a 'java/io/FileNotFoundException'> (0x00000000ec1af6c8) thrown at [/build/openjdk-8-8jAw7G/openjdk-8-8u111-b14/src/hotspot/src/share/vm/prims/jni.cpp, line 709]
Event: 0.294 Thread 0x00007f0e8c00a000 Exception <a 'java/lang/ClassNotFoundException': sun/dc/DuctusRenderingEngine> (0x00000000ec1c7688) thrown at [/build/openjdk-8-8jAw7G/openjdk-8-8u111-b14/src/hotspot/src/share/vm/classfile/systemDictionary.cpp, line 210]
Event: 0.883 Thread 0x00007f0e8c2a4800 Exception <a 'java/lang/UnsupportedOperationException': > (0x00000000ec442278) thrown at [/build/openjdk-8-8jAw7G/openjdk-8-8u111-b14/src/hotspot/src/share/vm/prims/jni.cpp, line 735]
Event: 3.938 Thread 0x00007f0e8c2a4800 Exception <a 'java/lang/UnsupportedOperationException': > (0x00000000ec572000) thrown at [/build/openjdk-8-8jAw7G/openjdk-8-8u111-b14/src/hotspot/src/share/vm/prims/jni.cpp, line 735]

Events (10 events):
Event: 6.047 loading class java/lang/Throwable$PrintStreamOrWriter done
Event: 6.047 loading class java/lang/Throwable$WrappedPrintStream done
Event: 6.047 Thread 0x00007f0e8c00a000 Thread exited: 0x00007f0e8c00a000
Event: 6.047 Thread 0x00007f0e8c263800 Thread added: 0x00007f0e8c263800
Event: 2977.476 loading class sun/awt/X11/XkbEvent
Event: 2978.715 loading class sun/awt/X11/XkbEvent done
Event: 2978.822 loading class sun/awt/X11/XkbAnyEvent
Event: 2979.210 loading class sun/awt/X11/XkbAnyEvent done
Event: 3350.302 loading class sun/awt/X11/XDestroyWindowEvent
Event: 3351.348 loading class sun/awt/X11/XDestroyWindowEvent done


Dynamic libraries:
00400000-00401000 r-xp 00000000 08:06 2650703                            /usr/lib/jvm/java-8-openjdk-amd64/jre/bin/java
00600000-00601000 r--p 00000000 08:06 2650703                            /usr/lib/jvm/java-8-openjdk-amd64/jre/bin/java
00601000-00602000 rw-p 00001000 08:06 2650703                            /usr/lib/jvm/java-8-openjdk-amd64/jre/bin/java
00eb9000-00eda000 rw-p 00000000 00:00 0                                  [heap]
c3e00000-c6780000 rw-p 00000000 00:00 0 
c6780000-ebf80000 ---p 00000000 00:00 0 
ebf80000-ed400000 rw-p 00000000 00:00 0 
ed400000-100000000 ---p 00000000 00:00 0 
100000000-100180000 rw-p 00000000 00:00 0 
100180000-140000000 ---p 00000000 00:00 0 
7f0e24000000-7f0e24021000 rw-p 00000000 00:00 0 
7f0e24021000-7f0e28000000 ---p 00000000 00:00 0 
7f0e2c000000-7f0e2c021000 rw-p 00000000 00:00 0 
7f0e2c021000-7f0e30000000 ---p 00000000 00:00 0 
7f0e30000000-7f0e30021000 rw-p 00000000 00:00 0 
7f0e30021000-7f0e34000000 ---p 00000000 00:00 0 
7f0e34000000-7f0e34021000 rw-p 00000000 00:00 0 
7f0e34021000-7f0e38000000 ---p 00000000 00:00 0 
7f0e38000000-7f0e38021000 rw-p 00000000 00:00 0 
7f0e38021000-7f0e3c000000 ---p 00000000 00:00 0 
7f0e3c000000-7f0e3c021000 rw-p 00000000 00:00 0 
7f0e3c021000-7f0e40000000 ---p 00000000 00:00 0 
7f0e40000000-7f0e40021000 rw-p 00000000 00:00 0 
7f0e40021000-7f0e44000000 ---p 00000000 00:00 0 
7f0e44000000-7f0e44525000 rw-p 00000000 00:00 0 
7f0e44525000-7f0e48000000 ---p 00000000 00:00 0 
7f0e48000000-7f0e48021000 rw-p 00000000 00:00 0 
7f0e48021000-7f0e4c000000 ---p 00000000 00:00 0 
7f0e4c000000-7f0e4c0d6000 rw-p 00000000 00:00 0 
7f0e4c0d6000-7f0e50000000 ---p 00000000 00:00 0 
7f0e50000000-7f0e5007e000 rw-p 00000000 00:00 0 
7f0e5007e000-7f0e54000000 ---p 00000000 00:00 0 
7f0e54000000-7f0e54021000 rw-p 00000000 00:00 0 
7f0e54021000-7f0e58000000 ---p 00000000 00:00 0 
7f0e58000000-7f0e58021000 rw-p 00000000 00:00 0 
7f0e58021000-7f0e5c000000 ---p 00000000 00:00 0 
7f0e5c7d3000-7f0e5c893000 rw-p 00000000 00:00 0 
7f0e5c893000-7f0e5c9d3000 ---p 00000000 00:00 0 
7f0e5c9d3000-7f0e5c9d6000 ---p 00000000 00:00 0 
7f0e5c9d6000-7f0e5ccd4000 rw-p 00000000 00:00 0 
7f0e5ccd4000-7f0e5ccd7000 ---p 00000000 00:00 0 
7f0e5ccd7000-7f0e5cdd5000 rw-p 00000000 00:00 0 
7f0e5cdd5000-7f0e5cdd8000 ---p 00000000 00:00 0 
7f0e5cdd8000-7f0e5ced6000 rw-p 00000000 00:00 0 
7f0e5ced6000-7f0e5cee7000 r-xp 00000000 08:06 2625228                    /usr/lib/jvm/java-8-openjdk-amd64/jre/lib/amd64/libnio.so
7f0e5cee7000-7f0e5d0e7000 ---p 00011000 08:06 2625228                    /usr/lib/jvm/java-8-openjdk-amd64/jre/lib/amd64/libnio.so
7f0e5d0e7000-7f0e5d0e8000 r--p 00011000 08:06 2625228                    /usr/lib/jvm/java-8-openjdk-amd64/jre/lib/amd64/libnio.so
7f0e5d0e8000-7f0e5d0e9000 rw-p 00012000 08:06 2625228                    /usr/lib/jvm/java-8-openjdk-amd64/jre/lib/amd64/libnio.so
7f0e5d0e9000-7f0e5d3ea000 rw-p 00000000 00:00 0 
7f0e5d3ea000-7f0e5d401000 r-xp 00000000 08:06 2625259                    /usr/lib/jvm/java-8-openjdk-amd64/jre/lib/amd64/libnet.so
7f0e5d401000-7f0e5d600000 ---p 00017000 08:06 2625259                    /usr/lib/jvm/java-8-openjdk-amd64/jre/lib/amd64/libnet.so
7f0e5d600000-7f0e5d601000 r--p 00016000 08:06 2625259                    /usr/lib/jvm/java-8-openjdk-amd64/jre/lib/amd64/libnet.so
7f0e5d601000-7f0e5d602000 rw-p 00017000 08:06 2625259                    /usr/lib/jvm/java-8-openjdk-amd64/jre/lib/amd64/libnet.so
7f0e5d602000-7f0e5d605000 ---p 00000000 00:00 0 
7f0e5d605000-7f0e5d703000 rw-p 00000000 00:00 0 
7f0e5d703000-7f0e5d706000 ---p 00000000 00:00 0 
7f0e5d706000-7f0e5d804000 rw-p 00000000 00:00 0 
7f0e5d804000-7f0e5d809000 r-xp 00000000 08:06 524887                     /usr/lib/x86_64-linux-gnu/libXfixes.so.3.1.0
7f0e5d809000-7f0e5da08000 ---p 00005000 08:06 524887                     /usr/lib/x86_64-linux-gnu/libXfixes.so.3.1.0
7f0e5da08000-7f0e5da09000 r--p 00004000 08:06 524887                     /usr/lib/x86_64-linux-gnu/libXfixes.so.3.1.0
7f0e5da09000-7f0e5da0a000 rw-p 00005000 08:06 524887                     /usr/lib/x86_64-linux-gnu/libXfixes.so.3.1.0
7f0e5da0a000-7f0e5da13000 r-xp 00000000 08:06 533595                     /usr/lib/x86_64-linux-gnu/libXcursor.so.1.0.2
7f0e5da13000-7f0e5dc12000 ---p 00009000 08:06 533595                     /usr/lib/x86_64-linux-gnu/libXcursor.so.1.0.2
7f0e5dc12000-7f0e5dc13000 r--p 00008000 08:06 533595                     /usr/lib/x86_64-linux-gnu/libXcursor.so.1.0.2
7f0e5dc13000-7f0e5dc14000 rw-p 00009000 08:06 533595                     /usr/lib/x86_64-linux-gnu/libXcursor.so.1.0.2
7f0e5dc14000-7f0e5dc17000 ---p 00000000 00:00 0 
7f0e5dc17000-7f0e5dd15000 rw-p 00000000 00:00 0 
7f0e5dd15000-7f0e5dd39000 r-xp 00000000 08:06 1315012                    /lib/x86_64-linux-gnu/libpng12.so.0.54.0
7f0e5dd39000-7f0e5df38000 ---p 00024000 08:06 1315012                    /lib/x86_64-linux-gnu/libpng12.so.0.54.0
7f0e5df38000-7f0e5df39000 r--p 00023000 08:06 1315012                    /lib/x86_64-linux-gnu/libpng12.so.0.54.0
7f0e5df39000-7f0e5df3a000 rw-p 00024000 08:06 1315012                    /lib/x86_64-linux-gnu/libpng12.so.0.54.0
7f0e5df3a000-7f0e5dfde000 r-xp 00000000 08:06 525529                     /usr/lib/x86_64-linux-gnu/libfreetype.so.6.12.1
7f0e5dfde000-7f0e5e1dd000 ---p 000a4000 08:06 525529                     /usr/lib/x86_64-linux-gnu/libfreetype.so.6.12.1
7f0e5e1dd000-7f0e5e1e3000 r--p 000a3000 08:06 525529                     /usr/lib/x86_64-linux-gnu/libfreetype.so.6.12.1
7f0e5e1e3000-7f0e5e1e4000 rw-p 000a9000 08:06 525529                     /usr/lib/x86_64-linux-gnu/libfreetype.so.6.12.1
7f0e5e1e4000-7f0e5e236000 r-xp 00000000 08:06 2625223                    /usr/lib/jvm/java-8-openjdk-amd64/jre/lib/amd64/libfontmanager.so
7f0e5e236000-7f0e5e436000 ---p 00052000 08:06 2625223                    /usr/lib/jvm/java-8-openjdk-amd64/jre/lib/amd64/libfontmanager.so
7f0e5e436000-7f0e5e438000 r--p 00052000 08:06 2625223                    /usr/lib/jvm/java-8-openjdk-amd64/jre/lib/amd64/libfontmanager.so
7f0e5e438000-7f0e5e439000 rw-p 00054000 08:06 2625223                    /usr/lib/jvm/java-8-openjdk-amd64/jre/lib/amd64/libfontmanager.so
7f0e5e439000-7f0e5e43e000 r-xp 00000000 08:06 526142                     /usr/lib/x86_64-linux-gnu/libXdmcp.so.6.0.0
7f0e5e43e000-7f0e5e63d000 ---p 00005000 08:06 526142                     /usr/lib/x86_64-linux-gnu/libXdmcp.so.6.0.0
7f0e5e63d000-7f0e5e63e000 r--p 00004000 08:06 526142                     /usr/lib/x86_64-linux-gnu/libXdmcp.so.6.0.0
7f0e5e63e000-7f0e5e63f000 rw-p 00005000 08:06 526142                     /usr/lib/x86_64-linux-gnu/libXdmcp.so.6.0.0
7f0e5e63f000-7f0e5e641000 r-xp 00000000 08:06 533588                     /usr/lib/x86_64-linux-gnu/libXau.so.6.0.0
7f0e5e641000-7f0e5e841000 ---p 00002000 08:06 533588                     /usr/lib/x86_64-linux-gnu/libXau.so.6.0.0
7f0e5e841000-7f0e5e842000 r--p 00002000 08:06 533588                     /usr/lib/x86_64-linux-gnu/libXau.so.6.0.0
7f0e5e842000-7f0e5e843000 rw-p 00003000 08:06 533588                     /usr/lib/x86_64-linux-gnu/libXau.so.6.0.0
7f0e5e843000-7f0e5e864000 r-xp 00000000 08:06 526144                     /usr/lib/x86_64-linux-gnu/libxcb.so.1.1.0
7f0e5e864000-7f0e5ea63000 ---p 00021000 08:06 526144                     /usr/lib/x86_64-linux-gnu/libxcb.so.1.1.0
7f0e5ea63000-7f0e5ea64000 r--p 00020000 08:06 526144                     /usr/lib/x86_64-linux-gnu/libxcb.so.1.1.0
7f0e5ea64000-7f0e5ea65000 rw-p 00021000 08:06 526144                     /usr/lib/x86_64-linux-gnu/libxcb.so.1.1.0
7f0e5ea65000-7f0e5ea74000 r-xp 00000000 08:06 527235                     /usr/lib/x86_64-linux-gnu/libXi.so.6.1.0
7f0e5ea74000-7f0e5ec73000 ---p 0000f000 08:06 527235                     /usr/lib/x86_64-linux-gnu/libXi.so.6.1.0
7f0e5ec73000-7f0e5ec74000 r--p 0000e000 08:06 527235                     /usr/lib/x86_64-linux-gnu/libXi.so.6.1.0
7f0e5ec74000-7f0e5ec75000 rw-p 0000f000 08:06 527235                     /usr/lib/x86_64-linux-gnu/libXi.so.6.1.0
7f0e5ec75000-7f0e5ec7a000 r-xp 00000000 08:06 533629                     /usr/lib/x86_64-linux-gnu/libXtst.so.6.1.0
7f0e5ec7a000-7f0e5ee79000 ---p 00005000 08:06 533629                     /usr/lib/x86_64-linux-gnu/libXtst.so.6.1.0
7f0e5ee79000-7f0e5ee7a000 r--p 00004000 08:06 533629                     /usr/lib/x86_64-linux-gnu/libXtst.so.6.1.0
7f0e5ee7a000-7f0e5ee7b000 rw-p 00005000 08:06 533629                     /usr/lib/x86_64-linux-gnu/libXtst.so.6.1.0
7f0e5ee7b000-7f0e5ee84000 r-xp 00000000 08:06 526194                     /usr/lib/x86_64-linux-gnu/libXrender.so.1.3.0
7f0e5ee84000-7f0e5f083000 ---p 00009000 08:06 526194                     /usr/lib/x86_64-linux-gnu/libXrender.so.1.3.0
7f0e5f083000-7f0e5f084000 r--p 00008000 08:06 526194                     /usr/lib/x86_64-linux-gnu/libXrender.so.1.3.0
7f0e5f084000-7f0e5f085000 rw-p 00009000 08:06 526194                     /usr/lib/x86_64-linux-gnu/libXrender.so.1.3.0
7f0e5f085000-7f0e5f1ba000 r-xp 00000000 08:06 526146                     /usr/lib/x86_64-linux-gnu/libX11.so.6.3.0
7f0e5f1ba000-7f0e5f3ba000 ---p 00135000 08:06 526146                     /usr/lib/x86_64-linux-gnu/libX11.so.6.3.0
7f0e5f3ba000-7f0e5f3bb000 r--p 00135000 08:06 526146                     /usr/lib/x86_64-linux-gnu/libX11.so.6.3.0
7f0e5f3bb000-7f0e5f3bf000 rw-p 00136000 08:06 526146                     /usr/lib/x86_64-linux-gnu/libX11.so.6.3.0
7f0e5f3bf000-7f0e5f3d0000 r-xp 00000000 08:06 526149                     /usr/lib/x86_64-linux-gnu/libXext.so.6.4.0
7f0e5f3d0000-7f0e5f5cf000 ---p 00011000 08:06 526149                     /usr/lib/x86_64-linux-gnu/libXext.so.6.4.0
7f0e5f5cf000-7f0e5f5d0000 r--p 00010000 08:06 526149                     /usr/lib/x86_64-linux-gnu/libXext.so.6.4.0
7f0e5f5d0000-7f0e5f5d1000 rw-p 00011000 08:06 526149                     /usr/lib/x86_64-linux-gnu/libXext.so.6.4.0
7f0e5f5d1000-7f0e5f625000 r-xp 00000000 08:06 2625251                    /usr/lib/jvm/java-8-openjdk-amd64/jre/lib/amd64/libawt_xawt.so
7f0e5f625000-7f0e5f825000 ---p 00054000 08:06 2625251                    /usr/lib/jvm/java-8-openjdk-amd64/jre/lib/amd64/libawt_xawt.so
7f0e5f825000-7f0e5f826000 r--p 00054000 08:06 2625251                    /usr/lib/jvm/java-8-openjdk-amd64/jre/lib/amd64/libawt_xawt.so
7f0e5f826000-7f0e5f829000 rw-p 00055000 08:06 2625251                    /usr/lib/jvm/java-8-openjdk-amd64/jre/lib/amd64/libawt_xawt.so
7f0e5f829000-7f0e5f82a000 rw-p 00000000 00:00 0 
7f0e5f82a000-7f0e5f8ca000 r-xp 00000000 08:06 2625260                    /usr/lib/jvm/java-8-openjdk-amd64/jre/lib/amd64/libawt.so
7f0e5f8ca000-7f0e5faca000 ---p 000a0000 08:06 2625260                    /usr/lib/jvm/java-8-openjdk-amd64/jre/lib/amd64/libawt.so
7f0e5faca000-7f0e5facb000 r--p 000a0000 08:06 2625260                    /usr/lib/jvm/java-8-openjdk-amd64/jre/lib/amd64/libawt.so
7f0e5facb000-7f0e5fad6000 rw-p 000a1000 08:06 2625260                    /usr/lib/jvm/java-8-openjdk-amd64/jre/lib/amd64/libawt.so
7f0e5fad6000-7f0e5fafb000 rw-p 00000000 00:00 0 
7f0e5fafb000-7f0e5fafc000 ---p 00000000 00:00 0 
7f0e5fafc000-7f0e5fbfc000 rw-p 00000000 00:00 0 
7f0e5fbfc000-7f0e5fbff000 ---p 00000000 00:00 0 
7f0e5fbff000-7f0e5fcfd000 rw-p 00000000 00:00 0 
7f0e5fcfd000-7f0e5fd00000 ---p 00000000 00:00 0 
7f0e5fd00000-7f0e5fdfe000 rw-p 00000000 00:00 0 
7f0e5fdfe000-7f0e5fe01000 ---p 00000000 00:00 0 
7f0e5fe01000-7f0e5feff000 rw-p 00000000 00:00 0 
7f0e5feff000-7f0e5ff02000 ---p 00000000 00:00 0 
7f0e5ff02000-7f0e60000000 rw-p 00000000 00:00 0 
7f0e60000000-7f0e60021000 rw-p 00000000 00:00 0 
7f0e60021000-7f0e64000000 ---p 00000000 00:00 0 
7f0e64000000-7f0e64021000 rw-p 00000000 00:00 0 
7f0e64021000-7f0e68000000 ---p 00000000 00:00 0 
7f0e68000000-7f0e68021000 rw-p 00000000 00:00 0 
7f0e68021000-7f0e6c000000 ---p 00000000 00:00 0 
7f0e6c000000-7f0e6c021000 rw-p 00000000 00:00 0 
7f0e6c021000-7f0e70000000 ---p 00000000 00:00 0 
7f0e70000000-7f0e70021000 rw-p 00000000 00:00 0 
7f0e70021000-7f0e74000000 ---p 00000000 00:00 0 
7f0e74056000-7f0e74059000 ---p 00000000 00:00 0 
7f0e74059000-7f0e74157000 rw-p 00000000 00:00 0 
7f0e74157000-7f0e7442f000 r--p 00000000 08:06 525093                     /usr/lib/locale/locale-archive
7f0e7442f000-7f0e74432000 ---p 00000000 00:00 0 
7f0e74432000-7f0e74530000 rw-p 00000000 00:00 0 
7f0e74530000-7f0e74533000 ---p 00000000 00:00 0 
7f0e74533000-7f0e74631000 rw-p 00000000 00:00 0 
7f0e74631000-7f0e74632000 ---p 00000000 00:00 0 
7f0e74632000-7f0e75641000 rw-p 00000000 00:00 0 
7f0e75641000-7f0e7580f000 r--s 03bf1000 08:06 2625286                    /usr/lib/jvm/java-8-openjdk-amd64/jre/lib/rt.jar
7f0e7580f000-7f0e78000000 rw-p 00000000 00:00 0 
7f0e78000000-7f0e78021000 rw-p 00000000 00:00 0 
7f0e78021000-7f0e7c000000 ---p 00000000 00:00 0 
7f0e7c044000-7f0e7c05f000 r--s 001d5000 08:06 2625268                    /usr/lib/jvm/java-8-openjdk-amd64/jre/lib/ext/nashorn.jar
7f0e7c05f000-7f0e7c07a000 r--s 00394000 08:06 2625264                    /usr/lib/jvm/java-8-openjdk-amd64/jre/lib/ext/cldrdata.jar
7f0e7c07a000-7f0e7c0fe000 rw-p 00000000 00:00 0 
7f0e7c0fe000-7f0e7c0ff000 ---p 00000000 00:00 0 
7f0e7c0ff000-7f0e7c1ff000 rw-p 00000000 00:00 0 
7f0e7c1ff000-7f0e7c200000 ---p 00000000 00:00 0 
7f0e7c200000-7f0e7c300000 rw-p 00000000 00:00 0 
7f0e7c300000-7f0e7c301000 ---p 00000000 00:00 0 
7f0e7c301000-7f0e7c401000 rw-p 00000000 00:00 0 
7f0e7c401000-7f0e7c402000 ---p 00000000 00:00 0 
7f0e7c402000-7f0e7c517000 rw-p 00000000 00:00 0 
7f0e7c517000-7f0e7c643000 ---p 00000000 00:00 0 
7f0e7c643000-7f0e7c658000 rw-p 00000000 00:00 0 
7f0e7c658000-7f0e7c783000 ---p 00000000 00:00 0 
7f0e7c783000-7f0e7c78e000 rw-p 00000000 00:00 0 
7f0e7c78e000-7f0e7c824000 ---p 00000000 00:00 0 
7f0e7c824000-7f0e7c82f000 rw-p 00000000 00:00 0 
7f0e7c82f000-7f0e7cbe5000 ---p 00000000 00:00 0 
7f0e7cbe5000-7f0e7ce65000 rwxp 00000000 00:00 0 
7f0e7ce65000-7f0e8bbe5000 ---p 00000000 00:00 0 
7f0e8bbe5000-7f0e8bbed000 r-xp 00000000 08:06 2625233                    /usr/lib/jvm/java-8-openjdk-amd64/jre/lib/amd64/libzip.so
7f0e8bbed000-7f0e8bdec000 ---p 00008000 08:06 2625233                    /usr/lib/jvm/java-8-openjdk-amd64/jre/lib/amd64/libzip.so
7f0e8bdec000-7f0e8bded000 r--p 00007000 08:06 2625233                    /usr/lib/jvm/java-8-openjdk-amd64/jre/lib/amd64/libzip.so
7f0e8bded000-7f0e8bdee000 rw-p 00008000 08:06 2625233                    /usr/lib/jvm/java-8-openjdk-amd64/jre/lib/amd64/libzip.so
7f0e8bdee000-7f0e8bdf9000 r-xp 00000000 08:06 1328082                    /lib/x86_64-linux-gnu/libnss_files-2.23.so
7f0e8bdf9000-7f0e8bff8000 ---p 0000b000 08:06 1328082                    /lib/x86_64-linux-gnu/libnss_files-2.23.so
7f0e8bff8000-7f0e8bff9000 r--p 0000a000 08:06 1328082                    /lib/x86_64-linux-gnu/libnss_files-2.23.so
7f0e8bff9000-7f0e8bffa000 rw-p 0000b000 08:06 1328082                    /lib/x86_64-linux-gnu/libnss_files-2.23.so
7f0e8bffa000-7f0e8c000000 rw-p 00000000 00:00 0 
7f0e8c000000-7f0e8c30d000 rw-p 00000000 00:00 0 
7f0e8c30d000-7f0e90000000 ---p 00000000 00:00 0 
7f0e90019000-7f0e900dc000 rw-p 00000000 00:00 0 
7f0e900dc000-7f0e900e7000 r-xp 00000000 08:06 1328079                    /lib/x86_64-linux-gnu/libnss_nis-2.23.so
7f0e900e7000-7f0e902e6000 ---p 0000b000 08:06 1328079                    /lib/x86_64-linux-gnu/libnss_nis-2.23.so
7f0e902e6000-7f0e902e7000 r--p 0000a000 08:06 1328079                    /lib/x86_64-linux-gnu/libnss_nis-2.23.so
7f0e902e7000-7f0e902e8000 rw-p 0000b000 08:06 1328079                    /lib/x86_64-linux-gnu/libnss_nis-2.23.so
7f0e902e8000-7f0e902fe000 r-xp 00000000 08:06 1328077                    /lib/x86_64-linux-gnu/libnsl-2.23.so
7f0e902fe000-7f0e904fd000 ---p 00016000 08:06 1328077                    /lib/x86_64-linux-gnu/libnsl-2.23.so
7f0e904fd000-7f0e904fe000 r--p 00015000 08:06 1328077                    /lib/x86_64-linux-gnu/libnsl-2.23.so
7f0e904fe000-7f0e904ff000 rw-p 00016000 08:06 1328077                    /lib/x86_64-linux-gnu/libnsl-2.23.so
7f0e904ff000-7f0e90501000 rw-p 00000000 00:00 0 
7f0e90501000-7f0e90509000 r-xp 00000000 08:06 1328075                    /lib/x86_64-linux-gnu/libnss_compat-2.23.so
7f0e90509000-7f0e90708000 ---p 00008000 08:06 1328075                    /lib/x86_64-linux-gnu/libnss_compat-2.23.so
7f0e90708000-7f0e90709000 r--p 00007000 08:06 1328075                    /lib/x86_64-linux-gnu/libnss_compat-2.23.so
7f0e90709000-7f0e9070a000 rw-p 00008000 08:06 1328075                    /lib/x86_64-linux-gnu/libnss_compat-2.23.so
7f0e9070a000-7f0e90737000 r-xp 00000000 08:06 2625227                    /usr/lib/jvm/java-8-openjdk-amd64/jre/lib/amd64/libjava.so
7f0e90737000-7f0e90936000 ---p 0002d000 08:06 2625227                    /usr/lib/jvm/java-8-openjdk-amd64/jre/lib/amd64/libjava.so
7f0e90936000-7f0e90937000 r--p 0002c000 08:06 2625227                    /usr/lib/jvm/java-8-openjdk-amd64/jre/lib/amd64/libjava.so
7f0e90937000-7f0e90939000 rw-p 0002d000 08:06 2625227                    /usr/lib/jvm/java-8-openjdk-amd64/jre/lib/amd64/libjava.so
7f0e90939000-7f0e90948000 r-xp 00000000 08:06 2625231                    /usr/lib/jvm/java-8-openjdk-amd64/jre/lib/amd64/libverify.so
7f0e90948000-7f0e90b47000 ---p 0000f000 08:06 2625231                    /usr/lib/jvm/java-8-openjdk-amd64/jre/lib/amd64/libverify.so
7f0e90b47000-7f0e90b49000 r--p 0000e000 08:06 2625231                    /usr/lib/jvm/java-8-openjdk-amd64/jre/lib/amd64/libverify.so
7f0e90b49000-7f0e90b4a000 rw-p 00010000 08:06 2625231                    /usr/lib/jvm/java-8-openjdk-amd64/jre/lib/amd64/libverify.so
7f0e90b4a000-7f0e90b51000 r-xp 00000000 08:06 1328091                    /lib/x86_64-linux-gnu/librt-2.23.so
7f0e90b51000-7f0e90d50000 ---p 00007000 08:06 1328091                    /lib/x86_64-linux-gnu/librt-2.23.so
7f0e90d50000-7f0e90d51000 r--p 00006000 08:06 1328091                    /lib/x86_64-linux-gnu/librt-2.23.so
7f0e90d51000-7f0e90d52000 rw-p 00007000 08:06 1328091                    /lib/x86_64-linux-gnu/librt-2.23.so
7f0e90d52000-7f0e90d68000 r-xp 00000000 08:06 1314845                    /lib/x86_64-linux-gnu/libgcc_s.so.1
7f0e90d68000-7f0e90f67000 ---p 00016000 08:06 1314845                    /lib/x86_64-linux-gnu/libgcc_s.so.1
7f0e90f67000-7f0e90f68000 rw-p 00015000 08:06 1314845                    /lib/x86_64-linux-gnu/libgcc_s.so.1
7f0e90f68000-7f0e91070000 r-xp 00000000 08:06 1328088                    /lib/x86_64-linux-gnu/libm-2.23.so
7f0e91070000-7f0e9126f000 ---p 00108000 08:06 1328088                    /lib/x86_64-linux-gnu/libm-2.23.so
7f0e9126f000-7f0e91270000 r--p 00107000 08:06 1328088                    /lib/x86_64-linux-gnu/libm-2.23.so
7f0e91270000-7f0e91271000 rw-p 00108000 08:06 1328088                    /lib/x86_64-linux-gnu/libm-2.23.so
7f0e91271000-7f0e913e3000 r-xp 00000000 08:06 528093                     /usr/lib/x86_64-linux-gnu/libstdc++.so.6.0.21
7f0e913e3000-7f0e915e3000 ---p 00172000 08:06 528093                     /usr/lib/x86_64-linux-gnu/libstdc++.so.6.0.21
7f0e915e3000-7f0e915ed000 r--p 00172000 08:06 528093                     /usr/lib/x86_64-linux-gnu/libstdc++.so.6.0.21
7f0e915ed000-7f0e915ef000 rw-p 0017c000 08:06 528093                     /usr/lib/x86_64-linux-gnu/libstdc++.so.6.0.21
7f0e915ef000-7f0e915f3000 rw-p 00000000 00:00 0 
7f0e915f3000-7f0e92242000 r-xp 00000000 08:06 2625234                    /usr/lib/jvm/java-8-openjdk-amd64/jre/lib/amd64/server/libjvm.so
7f0e92242000-7f0e92441000 ---p 00c4f000 08:06 2625234                    /usr/lib/jvm/java-8-openjdk-amd64/jre/lib/amd64/server/libjvm.so
7f0e92441000-7f0e924d4000 r--p 00c4e000 08:06 2625234                    /usr/lib/jvm/java-8-openjdk-amd64/jre/lib/amd64/server/libjvm.so
7f0e924d4000-7f0e924fd000 rw-p 00ce1000 08:06 2625234                    /usr/lib/jvm/java-8-openjdk-amd64/jre/lib/amd64/server/libjvm.so
7f0e924fd000-7f0e9252d000 rw-p 00000000 00:00 0 
7f0e9252d000-7f0e92545000 r-xp 00000000 08:06 1328095                    /lib/x86_64-linux-gnu/libpthread-2.23.so
7f0e92545000-7f0e92744000 ---p 00018000 08:06 1328095                    /lib/x86_64-linux-gnu/libpthread-2.23.so
7f0e92744000-7f0e92745000 r--p 00017000 08:06 1328095                    /lib/x86_64-linux-gnu/libpthread-2.23.so
7f0e92745000-7f0e92746000 rw-p 00018000 08:06 1328095                    /lib/x86_64-linux-gnu/libpthread-2.23.so
7f0e92746000-7f0e9274a000 rw-p 00000000 00:00 0 
7f0e9274a000-7f0e9274d000 r-xp 00000000 08:06 1328097                    /lib/x86_64-linux-gnu/libdl-2.23.so
7f0e9274d000-7f0e9294c000 ---p 00003000 08:06 1328097                    /lib/x86_64-linux-gnu/libdl-2.23.so
7f0e9294c000-7f0e9294d000 r--p 00002000 08:06 1328097                    /lib/x86_64-linux-gnu/libdl-2.23.so
7f0e9294d000-7f0e9294e000 rw-p 00003000 08:06 1328097                    /lib/x86_64-linux-gnu/libdl-2.23.so
7f0e9294e000-7f0e92967000 r-xp 00000000 08:06 1315549                    /lib/x86_64-linux-gnu/libz.so.1.2.8
7f0e92967000-7f0e92b66000 ---p 00019000 08:06 1315549                    /lib/x86_64-linux-gnu/libz.so.1.2.8
7f0e92b66000-7f0e92b67000 r--p 00018000 08:06 1315549                    /lib/x86_64-linux-gnu/libz.so.1.2.8
7f0e92b67000-7f0e92b68000 rw-p 00019000 08:06 1315549                    /lib/x86_64-linux-gnu/libz.so.1.2.8
7f0e92b68000-7f0e92d27000 r-xp 00000000 08:06 1328096                    /lib/x86_64-linux-gnu/libc-2.23.so
7f0e92d27000-7f0e92f27000 ---p 001bf000 08:06 1328096                    /lib/x86_64-linux-gnu/libc-2.23.so
7f0e92f27000-7f0e92f2b000 r--p 001bf000 08:06 1328096                    /lib/x86_64-linux-gnu/libc-2.23.so
7f0e92f2b000-7f0e92f2d000 rw-p 001c3000 08:06 1328096                    /lib/x86_64-linux-gnu/libc-2.23.so
7f0e92f2d000-7f0e92f31000 rw-p 00000000 00:00 0 
7f0e92f31000-7f0e92f3e000 r-xp 00000000 08:06 2625230                    /usr/lib/jvm/java-8-openjdk-amd64/jre/lib/amd64/jli/libjli.so
7f0e92f3e000-7f0e9313e000 ---p 0000d000 08:06 2625230                    /usr/lib/jvm/java-8-openjdk-amd64/jre/lib/amd64/jli/libjli.so
7f0e9313e000-7f0e9313f000 r--p 0000d000 08:06 2625230                    /usr/lib/jvm/java-8-openjdk-amd64/jre/lib/amd64/jli/libjli.so
7f0e9313f000-7f0e93140000 rw-p 0000e000 08:06 2625230                    /usr/lib/jvm/java-8-openjdk-amd64/jre/lib/amd64/jli/libjli.so
7f0e93140000-7f0e93166000 r-xp 00000000 08:06 1328092                    /lib/x86_64-linux-gnu/ld-2.23.so
7f0e93166000-7f0e93179000 r--s 00346000 08:06 2625283                    /usr/lib/jvm/java-8-openjdk-amd64/jre/lib/resources.jar
7f0e93179000-7f0e9317e000 r--s 002f9000 08:06 2625308                    /usr/lib/jvm/java-8-openjdk-amd64/jre/lib/charsets.jar
7f0e9317e000-7f0e93222000 rw-p 00000000 00:00 0 
7f0e93222000-7f0e93225000 ---p 00000000 00:00 0 
7f0e93225000-7f0e93328000 rw-p 00000000 00:00 0 
7f0e9332a000-7f0e9332d000 r--s 0000f000 08:06 2625275                    /usr/lib/jvm/java-8-openjdk-amd64/jre/lib/ext/icedtea-sound.jar
7f0e9332d000-7f0e93332000 r--s 0003b000 08:06 2625269                    /usr/lib/jvm/java-8-openjdk-amd64/jre/lib/ext/sunjce_provider.jar
7f0e93332000-7f0e93333000 r--s 00010000 08:06 2625274                    /usr/lib/jvm/java-8-openjdk-amd64/jre/lib/ext/zipfs.jar
7f0e93333000-7f0e93337000 r--s 00037000 08:06 2625270                    /usr/lib/jvm/java-8-openjdk-amd64/jre/lib/ext/sunpkcs11.jar
7f0e93337000-7f0e93339000 r--s 00008000 08:06 2625272                    /usr/lib/jvm/java-8-openjdk-amd64/jre/lib/ext/sunec.jar
7f0e93339000-7f0e9333b000 r--s 00001000 08:06 2625276                    /usr/lib/jvm/java-8-openjdk-amd64/jre/lib/ext/dnsns.jar
7f0e9333b000-7f0e9333c000 r--s 0000a000 08:06 2625271                    /usr/lib/jvm/java-8-openjdk-amd64/jre/lib/ext/jaccess.jar
7f0e9333c000-7f0e93346000 r--s 00116000 08:06 2625273                    /usr/lib/jvm/java-8-openjdk-amd64/jre/lib/ext/localedata.jar
7f0e93346000-7f0e93359000 rw-p 00000000 00:00 0 
7f0e93359000-7f0e93361000 rw-s 00000000 08:06 262743                     /tmp/hsperfdata_pcaragones/4933
7f0e93361000-7f0e93362000 rw-p 00000000 00:00 0 
7f0e93362000-7f0e93363000 r--p 00000000 00:00 0 
7f0e93363000-7f0e93365000 rw-p 00000000 00:00 0 
7f0e93365000-7f0e93366000 r--p 00025000 08:06 1328092                    /lib/x86_64-linux-gnu/ld-2.23.so
7f0e93366000-7f0e93367000 rw-p 00026000 08:06 1328092                    /lib/x86_64-linux-gnu/ld-2.23.so
7f0e93367000-7f0e93368000 rw-p 00000000 00:00 0 
7ffda67af000-7ffda67d0000 rw-p 00000000 00:00 0                          [stack]
7ffda67d8000-7ffda67da000 r--p 00000000 00:00 0                          [vvar]
7ffda67da000-7ffda67dc000 r-xp 00000000 00:00 0                          [vdso]
ffffffffff600000-ffffffffff601000 r-xp 00000000 00:00 0                  [vsyscall]

VM Arguments:
jvm_args: -Dfile.encoding=UTF-8 
java_command: com.miles.epik.window.Game
java_class_path (initial): /home/pcaragones/Desktop/prince/Bounce-Battle/Epik/bin
Launcher Type: SUN_STANDARD

Environment Variables:
PATH=/usr/local/sbin:/usr/local/bin:/usr/sbin:/usr/bin:/sbin:/bin:/usr/games:/usr/local/games:/snap/bin
SHELL=/bin/bash
DISPLAY=:0

Signal Handlers:
SIGSEGV: [libjvm.so+0xa65880], sa_mask[0]=11111111011111111101111111111110, sa_flags=SA_RESTART|SA_SIGINFO
SIGBUS: [libjvm.so+0xa65880], sa_mask[0]=11111111011111111101111111111110, sa_flags=SA_RESTART|SA_SIGINFO
SIGFPE: [libjvm.so+0x8af1c0], sa_mask[0]=11111111011111111101111111111110, sa_flags=SA_RESTART|SA_SIGINFO
SIGPIPE: [libjvm.so+0x8af1c0], sa_mask[0]=11111111011111111101111111111110, sa_flags=SA_RESTART|SA_SIGINFO
SIGXFSZ: [libjvm.so+0x8af1c0], sa_mask[0]=11111111011111111101111111111110, sa_flags=SA_RESTART|SA_SIGINFO
SIGILL: [libjvm.so+0x8af1c0], sa_mask[0]=11111111011111111101111111111110, sa_flags=SA_RESTART|SA_SIGINFO
SIGUSR1: SIG_DFL, sa_mask[0]=00000000000000000000000000000000, sa_flags=none
SIGUSR2: [libjvm.so+0x8af070], sa_mask[0]=00100000000000000000000000000000, sa_flags=SA_RESTART|SA_SIGINFO
SIGHUP: [libjvm.so+0x8af540], sa_mask[0]=11111111011111111101111111111110, sa_flags=SA_RESTART|SA_SIGINFO
SIGINT: [libjvm.so+0x8af540], sa_mask[0]=11111111011111111101111111111110, sa_flags=SA_RESTART|SA_SIGINFO
SIGTERM: [libjvm.so+0x8af540], sa_mask[0]=11111111011111111101111111111110, sa_flags=SA_RESTART|SA_SIGINFO
SIGQUIT: [libjvm.so+0x8af540], sa_mask[0]=11111111011111111101111111111110, sa_flags=SA_RESTART|SA_SIGINFO


---------------  S Y S T E M  ---------------

OS:DISTRIB_ID=Ubuntu
DISTRIB_RELEASE=16.04
DISTRIB_CODENAME=xenial
DISTRIB_DESCRIPTION="Ubuntu 16.04.1 LTS"

uname:Linux 4.4.0-47-generic #68-Ubuntu SMP Wed Oct 26 19:39:52 UTC 2016 x86_64
libc:glibc 2.23 NPTL 2.23 
rlimit: STACK 8192k, CORE 0k, NPROC 15233, NOFILE 65536, AS infinity
load average:31.60 12.12 7.40

/proc/meminfo:
MemTotal:        3940160 kB
MemFree:         2160584 kB
MemAvailable:    2345844 kB
Buffers:           26876 kB
Cached:           467564 kB
SwapCached:        23024 kB
Active:          1032000 kB
Inactive:         584528 kB
Active(anon):     827680 kB
Inactive(anon):   419616 kB
Active(file):     204320 kB
Inactive(file):   164912 kB
Unevictable:          32 kB
Mlocked:              32 kB
SwapTotal:       4085756 kB
SwapFree:        3777084 kB
Dirty:                 0 kB
Writeback:             0 kB
AnonPages:       1110896 kB
Mapped:           155532 kB
Shmem:            125032 kB
Slab:              81604 kB
SReclaimable:      43688 kB
SUnreclaim:        37916 kB
KernelStack:       10736 kB
PageTables:        15252 kB
NFS_Unstable:          0 kB
Bounce:                0 kB
WritebackTmp:          0 kB
CommitLimit:     6055836 kB
Committed_AS:    3190644 kB
VmallocTotal:   34359738367 kB
VmallocUsed:           0 kB
VmallocChunk:          0 kB
HardwareCorrupted:     0 kB
AnonHugePages:    761856 kB
CmaTotal:              0 kB
CmaFree:               0 kB
HugePages_Total:       0
HugePages_Free:        0
HugePages_Rsvd:        0
HugePages_Surp:        0
Hugepagesize:       2048 kB
DirectMap4k:      185088 kB
DirectMap2M:     3903488 kB
DirectMap1G:     1048576 kB


CPU:total 4 (2 cores per cpu, 2 threads per core) family 6 model 69 stepping 1, cmov, cx8, fxsr, mmx, sse, sse2, sse3, ssse3, sse4.1, sse4.2, popcnt, avx, avx2, aes, clmul, erms, lzcnt, ht, tsc, tscinvbit, bmi1, bmi2

/proc/cpuinfo:
processor	: 0
vendor_id	: GenuineIntel
cpu family	: 6
model		: 69
model name	: Intel(R) Core(TM) i5-4210U CPU @ 1.70GHz
stepping	: 1
microcode	: 0x17
cpu MHz		: 1546.687
cache size	: 3072 KB
physical id	: 0
siblings	: 4
core id		: 0
cpu cores	: 2
apicid		: 0
initial apicid	: 0
fpu		: yes
fpu_exception	: yes
cpuid level	: 13
wp		: yes
flags		: fpu vme de pse tsc msr pae mce cx8 apic sep mtrr pge mca cmov pat pse36 clflush dts acpi mmx fxsr sse sse2 ss ht tm pbe syscall nx pdpe1gb rdtscp lm constant_tsc arch_perfmon pebs bts rep_good nopl xtopology nonstop_tsc aperfmperf eagerfpu pni pclmulqdq dtes64 monitor ds_cpl vmx est tm2 ssse3 sdbg fma cx16 xtpr pdcm pcid sse4_1 sse4_2 movbe popcnt tsc_deadline_timer aes xsave avx f16c rdrand lahf_lm abm epb tpr_shadow vnmi flexpriority ept vpid fsgsbase tsc_adjust bmi1 avx2 smep bmi2 erms invpcid xsaveopt dtherm ida arat pln pts
bugs		:
bogomips	: 4788.84
clflush size	: 64
cache_alignment	: 64
address sizes	: 39 bits physical, 48 bits virtual
power management:

processor	: 1
vendor_id	: GenuineIntel
cpu family	: 6
model		: 69
model name	: Intel(R) Core(TM) i5-4210U CPU @ 1.70GHz
stepping	: 1
microcode	: 0x17
cpu MHz		: 1661.812
cache size	: 3072 KB
physical id	: 0
siblings	: 4
core id		: 0
cpu cores	: 2
apicid		: 1
initial apicid	: 1
fpu		: yes
fpu_exception	: yes
cpuid level	: 13
wp		: yes
flags		: fpu vme de pse tsc msr pae mce cx8 apic sep mtrr pge mca cmov pat pse36 clflush dts acpi mmx fxsr sse sse2 ss ht tm pbe syscall nx pdpe1gb rdtscp lm constant_tsc arch_perfmon pebs bts rep_good nopl xtopology nonstop_tsc aperfmperf eagerfpu pni pclmulqdq dtes64 monitor ds_cpl vmx est tm2 ssse3 sdbg fma cx16 xtpr pdcm pcid sse4_1 sse4_2 movbe popcnt tsc_deadline_timer aes xsave avx f16c rdrand lahf_lm abm epb tpr_shadow vnmi flexpriority ept vpid fsgsbase tsc_adjust bmi1 avx2 smep bmi2 erms invpcid xsaveopt dtherm ida arat pln pts
bugs		:
bogomips	: 4788.84
clflush size	: 64
cache_alignment	: 64
address sizes	: 39 bits physical, 48 bits virtual
power management:

processor	: 2
vendor_id	: GenuineIntel
cpu family	: 6
model		: 69
model name	: Intel(R) Core(TM) i5-4210U CPU @ 1.70GHz
stepping	: 1
microcode	: 0x17
cpu MHz		: 1484.812
cache size	: 3072 KB
physical id	: 0
siblings	: 4
core id		: 1
cpu cores	: 2
apicid		: 2
initial apicid	: 2
fpu		: yes
fpu_exception	: yes
cpuid level	: 13
wp		: yes
flags		: fpu vme de pse tsc msr pae mce cx8 apic sep mtrr pge mca cmov pat pse36 clflush dts acpi mmx fxsr sse sse2 ss ht tm pbe syscall nx pdpe1gb rdtscp lm constant_tsc arch_perfmon pebs bts rep_good nopl xtopology nonstop_tsc aperfmperf eagerfpu pni pclmulqdq dtes64 monitor ds_cpl vmx est tm2 ssse3 sdbg fma cx16 xtpr pdcm pcid sse4_1 sse4_2 movbe popcnt tsc_deadline_timer aes xsave avx f16c rdrand lahf_lm abm epb tpr_shadow vnmi flexpriority ept vpid fsgsbase tsc_adjust bmi1 avx2 smep bmi2 erms invpcid xsaveopt dtherm ida arat pln pts
bugs		:
bogomips	: 4788.84
clflush size	: 64
cache_alignment	: 64
address sizes	: 39 bits physical, 48 bits virtual
power management:

processor	: 3
vendor_id	: GenuineIntel
cpu family	: 6
model		: 69
model name	: Intel(R) Core(TM) i5-4210U CPU @ 1.70GHz
stepping	: 1
microcode	: 0x17
cpu MHz		: 1653.375
cache size	: 3072 KB
physical id	: 0
siblings	: 4
core id		: 1
cpu cores	: 2
apicid		: 3
initial apicid	: 3
fpu		: yes
fpu_exception	: yes
cpuid level	: 13
wp		: yes
flags		: fpu vme de pse tsc msr pae mce cx8 apic sep mtrr pge mca cmov pat pse36 clflush dts acpi mmx fxsr sse sse2 ss ht tm pbe syscall nx pdpe1gb rdtscp lm constant_tsc arch_perfmon pebs bts rep_good nopl xtopology nonstop_tsc aperfmperf eagerfpu pni pclmulqdq dtes64 monitor ds_cpl vmx est tm2 ssse3 sdbg fma cx16 xtpr pdcm pcid sse4_1 sse4_2 movbe popcnt tsc_deadline_timer aes xsave avx f16c rdrand lahf_lm abm epb tpr_shadow vnmi flexpriority ept vpid fsgsbase tsc_adjust bmi1 avx2 smep bmi2 erms invpcid xsaveopt dtherm ida arat pln pts
bugs		:
bogomips	: 4788.84
clflush size	: 64
cache_alignment	: 64
address sizes	: 39 bits physical, 48 bits virtual
power management:



Memory: 4k page, physical 3940160k(2160584k free), swap 4085756k(3777084k free)

vm_info: OpenJDK 64-Bit Server VM (25.111-b14) for linux-amd64 JRE (1.8.0_111-8u111-b14-2ubuntu0.16.04.2-b14), built on Oct 27 2016 18:10:19 by "buildd" with gcc 5.4.0 20160609

time: Wed Nov 16 12:34:47 2016
elapsed time: 3368 seconds (0d 0h 56m 8s)

